Duplicate entry '1' for key 'PRIMARY'
HHH000346: Error during managed flush [org.hibernate.exception.ConstraintViolationException: could not execute statement]
Duplicate entry '7' for key 'uqe_category_type'
HHH000346: Error during managed flush [org.hibernate.exception.ConstraintViolationException: could not execute statement]
Duplicate entry '7' for key 'uqe_category_type'
HHH000346: Error during managed flush [org.hibernate.exception.ConstraintViolationException: could not execute statement]
Duplicate entry '7' for key 'uqe_category_type'
HHH000346: Error during managed flush [org.hibernate.exception.ConstraintViolationException: could not execute statement]
Duplicate entry '7' for key 'uqe_category_type'
HHH000346: Error during managed flush [org.hibernate.exception.ConstraintViolationException: could not execute statement]
Duplicate entry '7' for key 'uqe_category_type'
HHH000346: Error during managed flush [org.hibernate.exception.ConstraintViolationException: could not execute statement]
Duplicate entry '7' for key 'uqe_category_type'
HHH000346: Error during managed flush [org.hibernate.exception.ConstraintViolationException: could not execute statement]
Duplicate entry '7' for key 'uqe_category_type'
HHH000346: Error during managed flush [org.hibernate.exception.ConstraintViolationException: could not execute statement]
Duplicate entry '7' for key 'uqe_category_type'
HHH000346: Error during managed flush [org.hibernate.exception.ConstraintViolationException: could not execute statement]
Data truncation: Data too long for column 'product_id' at row 1
HHH000346: Error during managed flush [org.hibernate.exception.DataException: could not execute statement]
