Starting WxorderApplication on Mongo with PID 6216 (D:\JavaProjects\WXOrderDemo\target\classes started by Mongo in D:\JavaProjects\WXOrderDemo)
No active profile set, falling back to default profiles: default
Refreshing org.springframework.boot.web.servlet.context.AnnotationConfigServletWebServerApplicationContext@7c7a06ec: startup date [Sat Apr 28 14:50:08 CST 2018]; root of context hierarchy
Bean 'org.springframework.transaction.annotation.ProxyTransactionManagementConfiguration' of type [org.springframework.transaction.annotation.ProxyTransactionManagementConfiguration$$EnhancerBySpringCGLIB$$b1c82de5] is not eligible for getting processed by all BeanPostProcessors (for example: not eligible for auto-proxying)
Tomcat initialized with port(s): 9527 (http)
Initializing ProtocolHandler ["http-nio-9527"]
Starting service [Tomcat]
Starting Servlet Engine: Apache Tomcat/8.5.29
Loaded APR based Apache Tomcat Native library [1.2.16] using APR version [1.6.3].
APR capabilities: IPv6 [true], sendfile [true], accept filters [false], random [true].
APR/OpenSSL configuration: useAprConnector [false], useOpenSSL [true]
OpenSSL successfully initialized [OpenSSL 1.0.2m  2 Nov 2017]
Initializing Spring embedded WebApplicationContext
Root WebApplicationContext: initialization completed in 2143 ms
Servlet dispatcherServlet mapped to [/]
Mapping filter: 'characterEncodingFilter' to: [/*]
Mapping filter: 'hiddenHttpMethodFilter' to: [/*]
Mapping filter: 'httpPutFormContentFilter' to: [/*]
Mapping filter: 'requestContextFilter' to: [/*]
HikariPool-1 - Starting...
HikariPool-1 - Start completed.
Building JPA container EntityManagerFactory for persistence unit 'default'
HHH000204: Processing PersistenceUnitInfo [
	name: default
	...]
HHH000412: Hibernate Core {5.2.16.Final}
HHH000206: hibernate.properties not found
HCANN000001: Hibernate Commons Annotations {5.0.1.Final}
HHH000400: Using dialect: org.hibernate.dialect.MySQL5Dialect
Initialized JPA EntityManagerFactory for persistence unit 'default'
Mapped URL path [/**/favicon.ico] onto handler of type [class org.springframework.web.servlet.resource.ResourceHttpRequestHandler]
Looking for @ControllerAdvice: org.springframework.boot.web.servlet.context.AnnotationConfigServletWebServerApplicationContext@7c7a06ec: startup date [Sat Apr 28 14:50:08 CST 2018]; root of context hierarchy
spring.jpa.open-in-view is enabled by default. Therefore, database queries may be performed during view rendering. Explicitly configure spring.jpa.open-in-view to disable this warning
Mapped "{[/buyer/product/list],methods=[GET]}" onto public cn.mongode.wxorder.VO.ResultVO cn.mongode.wxorder.controller.BuyerProductController.list()
Mapped "{[/error]}" onto public org.springframework.http.ResponseEntity<java.util.Map<java.lang.String, java.lang.Object>> org.springframework.boot.autoconfigure.web.servlet.error.BasicErrorController.error(javax.servlet.http.HttpServletRequest)
Mapped "{[/error],produces=[text/html]}" onto public org.springframework.web.servlet.ModelAndView org.springframework.boot.autoconfigure.web.servlet.error.BasicErrorController.errorHtml(javax.servlet.http.HttpServletRequest,javax.servlet.http.HttpServletResponse)
Mapped URL path [/webjars/**] onto handler of type [class org.springframework.web.servlet.resource.ResourceHttpRequestHandler]
Mapped URL path [/**] onto handler of type [class org.springframework.web.servlet.resource.ResourceHttpRequestHandler]
Registering beans for JMX exposure on startup
Bean with name 'dataSource' has been autodetected for JMX exposure
Located MBean 'dataSource': registering with JMX server as MBean [com.zaxxer.hikari:name=dataSource,type=HikariDataSource]
Starting ProtocolHandler ["http-nio-9527"]
Using a shared selector for servlet write/read
Tomcat started on port(s): 9527 (http) with context path '/wxorder'
Started WxorderApplication in 4.261 seconds (JVM running for 4.979)
Initializing Spring FrameworkServlet 'dispatcherServlet'
FrameworkServlet 'dispatcherServlet': initialization started
FrameworkServlet 'dispatcherServlet': initialization completed in 15 ms
Starting WxorderApplication on Mongo with PID 16820 (D:\JavaProjects\WXOrderDemo\target\classes started by Mongo in D:\JavaProjects\WXOrderDemo)
No active profile set, falling back to default profiles: default
Refreshing org.springframework.boot.web.servlet.context.AnnotationConfigServletWebServerApplicationContext@75d4a5c2: startup date [Sat Apr 28 15:03:08 CST 2018]; root of context hierarchy
Bean 'org.springframework.transaction.annotation.ProxyTransactionManagementConfiguration' of type [org.springframework.transaction.annotation.ProxyTransactionManagementConfiguration$$EnhancerBySpringCGLIB$$2ae4448c] is not eligible for getting processed by all BeanPostProcessors (for example: not eligible for auto-proxying)
Tomcat initialized with port(s): 9527 (http)
Initializing ProtocolHandler ["http-nio-9527"]
Starting service [Tomcat]
Starting Servlet Engine: Apache Tomcat/8.5.29
Loaded APR based Apache Tomcat Native library [1.2.16] using APR version [1.6.3].
APR capabilities: IPv6 [true], sendfile [true], accept filters [false], random [true].
APR/OpenSSL configuration: useAprConnector [false], useOpenSSL [true]
OpenSSL successfully initialized [OpenSSL 1.0.2m  2 Nov 2017]
Initializing Spring embedded WebApplicationContext
Root WebApplicationContext: initialization completed in 2027 ms
Servlet dispatcherServlet mapped to [/]
Mapping filter: 'characterEncodingFilter' to: [/*]
Mapping filter: 'hiddenHttpMethodFilter' to: [/*]
Mapping filter: 'httpPutFormContentFilter' to: [/*]
Mapping filter: 'requestContextFilter' to: [/*]
HikariPool-1 - Starting...
HikariPool-1 - Start completed.
Building JPA container EntityManagerFactory for persistence unit 'default'
HHH000204: Processing PersistenceUnitInfo [
	name: default
	...]
HHH000412: Hibernate Core {5.2.16.Final}
HHH000206: hibernate.properties not found
HCANN000001: Hibernate Commons Annotations {5.0.1.Final}
HHH000400: Using dialect: org.hibernate.dialect.MySQL5Dialect
Initialized JPA EntityManagerFactory for persistence unit 'default'
Mapped URL path [/**/favicon.ico] onto handler of type [class org.springframework.web.servlet.resource.ResourceHttpRequestHandler]
Looking for @ControllerAdvice: org.springframework.boot.web.servlet.context.AnnotationConfigServletWebServerApplicationContext@75d4a5c2: startup date [Sat Apr 28 15:03:08 CST 2018]; root of context hierarchy
spring.jpa.open-in-view is enabled by default. Therefore, database queries may be performed during view rendering. Explicitly configure spring.jpa.open-in-view to disable this warning
Mapped "{[/buyer/product/list],methods=[GET]}" onto public cn.mongode.wxorder.VO.ResultVO cn.mongode.wxorder.controller.BuyerProductController.list()
Mapped "{[/error]}" onto public org.springframework.http.ResponseEntity<java.util.Map<java.lang.String, java.lang.Object>> org.springframework.boot.autoconfigure.web.servlet.error.BasicErrorController.error(javax.servlet.http.HttpServletRequest)
Mapped "{[/error],produces=[text/html]}" onto public org.springframework.web.servlet.ModelAndView org.springframework.boot.autoconfigure.web.servlet.error.BasicErrorController.errorHtml(javax.servlet.http.HttpServletRequest,javax.servlet.http.HttpServletResponse)
Mapped URL path [/webjars/**] onto handler of type [class org.springframework.web.servlet.resource.ResourceHttpRequestHandler]
Mapped URL path [/**] onto handler of type [class org.springframework.web.servlet.resource.ResourceHttpRequestHandler]
Registering beans for JMX exposure on startup
Bean with name 'dataSource' has been autodetected for JMX exposure
Located MBean 'dataSource': registering with JMX server as MBean [com.zaxxer.hikari:name=dataSource,type=HikariDataSource]
Starting ProtocolHandler ["http-nio-9527"]
Using a shared selector for servlet write/read
Tomcat started on port(s): 9527 (http) with context path '/wxorder'
Started WxorderApplication in 3.854 seconds (JVM running for 4.413)
Initializing Spring FrameworkServlet 'dispatcherServlet'
FrameworkServlet 'dispatcherServlet': initialization started
FrameworkServlet 'dispatcherServlet': initialization completed in 11 ms
Starting WxorderApplication on Mongo with PID 10868 (D:\JavaProjects\WXOrderDemo\target\classes started by Mongo in D:\JavaProjects\WXOrderDemo)
No active profile set, falling back to default profiles: default
Refreshing org.springframework.boot.web.servlet.context.AnnotationConfigServletWebServerApplicationContext@75d4a5c2: startup date [Sat Apr 28 15:16:27 CST 2018]; root of context hierarchy
Bean 'org.springframework.transaction.annotation.ProxyTransactionManagementConfiguration' of type [org.springframework.transaction.annotation.ProxyTransactionManagementConfiguration$$EnhancerBySpringCGLIB$$4667790f] is not eligible for getting processed by all BeanPostProcessors (for example: not eligible for auto-proxying)
Tomcat initialized with port(s): 9527 (http)
Initializing ProtocolHandler ["http-nio-9527"]
Starting service [Tomcat]
Starting Servlet Engine: Apache Tomcat/8.5.29
Loaded APR based Apache Tomcat Native library [1.2.16] using APR version [1.6.3].
APR capabilities: IPv6 [true], sendfile [true], accept filters [false], random [true].
APR/OpenSSL configuration: useAprConnector [false], useOpenSSL [true]
OpenSSL successfully initialized [OpenSSL 1.0.2m  2 Nov 2017]
Initializing Spring embedded WebApplicationContext
Root WebApplicationContext: initialization completed in 1949 ms
Servlet dispatcherServlet mapped to [/]
Mapping filter: 'characterEncodingFilter' to: [/*]
Mapping filter: 'hiddenHttpMethodFilter' to: [/*]
Mapping filter: 'httpPutFormContentFilter' to: [/*]
Mapping filter: 'requestContextFilter' to: [/*]
HikariPool-1 - Starting...
HikariPool-1 - Start completed.
Building JPA container EntityManagerFactory for persistence unit 'default'
HHH000204: Processing PersistenceUnitInfo [
	name: default
	...]
HHH000412: Hibernate Core {5.2.16.Final}
HHH000206: hibernate.properties not found
HCANN000001: Hibernate Commons Annotations {5.0.1.Final}
HHH000400: Using dialect: org.hibernate.dialect.MySQL5Dialect
Initialized JPA EntityManagerFactory for persistence unit 'default'
Mapped URL path [/**/favicon.ico] onto handler of type [class org.springframework.web.servlet.resource.ResourceHttpRequestHandler]
Looking for @ControllerAdvice: org.springframework.boot.web.servlet.context.AnnotationConfigServletWebServerApplicationContext@75d4a5c2: startup date [Sat Apr 28 15:16:27 CST 2018]; root of context hierarchy
spring.jpa.open-in-view is enabled by default. Therefore, database queries may be performed during view rendering. Explicitly configure spring.jpa.open-in-view to disable this warning
Mapped "{[/buyer/product/list],methods=[GET]}" onto public cn.mongode.wxorder.VO.ResultVO cn.mongode.wxorder.controller.BuyerProductController.list()
Mapped "{[/error]}" onto public org.springframework.http.ResponseEntity<java.util.Map<java.lang.String, java.lang.Object>> org.springframework.boot.autoconfigure.web.servlet.error.BasicErrorController.error(javax.servlet.http.HttpServletRequest)
Mapped "{[/error],produces=[text/html]}" onto public org.springframework.web.servlet.ModelAndView org.springframework.boot.autoconfigure.web.servlet.error.BasicErrorController.errorHtml(javax.servlet.http.HttpServletRequest,javax.servlet.http.HttpServletResponse)
Mapped URL path [/webjars/**] onto handler of type [class org.springframework.web.servlet.resource.ResourceHttpRequestHandler]
Mapped URL path [/**] onto handler of type [class org.springframework.web.servlet.resource.ResourceHttpRequestHandler]
Registering beans for JMX exposure on startup
Bean with name 'dataSource' has been autodetected for JMX exposure
Located MBean 'dataSource': registering with JMX server as MBean [com.zaxxer.hikari:name=dataSource,type=HikariDataSource]
Starting ProtocolHandler ["http-nio-9527"]
Using a shared selector for servlet write/read
Tomcat started on port(s): 9527 (http) with context path '/wxorder'
Started WxorderApplication in 3.838 seconds (JVM running for 4.395)
Starting WxorderApplication on Mongo with PID 6600 (D:\JavaProjects\WXOrderDemo\target\classes started by Mongo in D:\JavaProjects\WXOrderDemo)
No active profile set, falling back to default profiles: default
Refreshing org.springframework.boot.web.servlet.context.AnnotationConfigServletWebServerApplicationContext@557caf28: startup date [Sat Apr 28 15:18:17 CST 2018]; root of context hierarchy
Bean 'org.springframework.transaction.annotation.ProxyTransactionManagementConfiguration' of type [org.springframework.transaction.annotation.ProxyTransactionManagementConfiguration$$EnhancerBySpringCGLIB$$c0a66bb4] is not eligible for getting processed by all BeanPostProcessors (for example: not eligible for auto-proxying)
Tomcat initialized with port(s): 9527 (http)
Initializing ProtocolHandler ["http-nio-9527"]
Starting service [Tomcat]
Starting Servlet Engine: Apache Tomcat/8.5.29
Loaded APR based Apache Tomcat Native library [1.2.16] using APR version [1.6.3].
APR capabilities: IPv6 [true], sendfile [true], accept filters [false], random [true].
APR/OpenSSL configuration: useAprConnector [false], useOpenSSL [true]
OpenSSL successfully initialized [OpenSSL 1.0.2m  2 Nov 2017]
Initializing Spring embedded WebApplicationContext
Root WebApplicationContext: initialization completed in 1969 ms
Servlet dispatcherServlet mapped to [/]
Mapping filter: 'characterEncodingFilter' to: [/*]
Mapping filter: 'hiddenHttpMethodFilter' to: [/*]
Mapping filter: 'httpPutFormContentFilter' to: [/*]
Mapping filter: 'requestContextFilter' to: [/*]
HikariPool-1 - Starting...
HikariPool-1 - Start completed.
Building JPA container EntityManagerFactory for persistence unit 'default'
HHH000204: Processing PersistenceUnitInfo [
	name: default
	...]
HHH000412: Hibernate Core {5.2.16.Final}
HHH000206: hibernate.properties not found
HCANN000001: Hibernate Commons Annotations {5.0.1.Final}
HHH000400: Using dialect: org.hibernate.dialect.MySQL5Dialect
Initialized JPA EntityManagerFactory for persistence unit 'default'
Mapped URL path [/**/favicon.ico] onto handler of type [class org.springframework.web.servlet.resource.ResourceHttpRequestHandler]
Looking for @ControllerAdvice: org.springframework.boot.web.servlet.context.AnnotationConfigServletWebServerApplicationContext@557caf28: startup date [Sat Apr 28 15:18:17 CST 2018]; root of context hierarchy
spring.jpa.open-in-view is enabled by default. Therefore, database queries may be performed during view rendering. Explicitly configure spring.jpa.open-in-view to disable this warning
Mapped "{[/buyer/product/list],methods=[GET]}" onto public cn.mongode.wxorder.VO.ResultVO<cn.mongode.wxorder.VO.ProductVO> cn.mongode.wxorder.controller.BuyerProductController.list()
Mapped "{[/error]}" onto public org.springframework.http.ResponseEntity<java.util.Map<java.lang.String, java.lang.Object>> org.springframework.boot.autoconfigure.web.servlet.error.BasicErrorController.error(javax.servlet.http.HttpServletRequest)
Mapped "{[/error],produces=[text/html]}" onto public org.springframework.web.servlet.ModelAndView org.springframework.boot.autoconfigure.web.servlet.error.BasicErrorController.errorHtml(javax.servlet.http.HttpServletRequest,javax.servlet.http.HttpServletResponse)
Mapped URL path [/webjars/**] onto handler of type [class org.springframework.web.servlet.resource.ResourceHttpRequestHandler]
Mapped URL path [/**] onto handler of type [class org.springframework.web.servlet.resource.ResourceHttpRequestHandler]
Registering beans for JMX exposure on startup
Bean with name 'dataSource' has been autodetected for JMX exposure
Located MBean 'dataSource': registering with JMX server as MBean [com.zaxxer.hikari:name=dataSource,type=HikariDataSource]
Starting ProtocolHandler ["http-nio-9527"]
Using a shared selector for servlet write/read
Tomcat started on port(s): 9527 (http) with context path '/wxorder'
Started WxorderApplication in 3.85 seconds (JVM running for 4.397)
Initializing Spring FrameworkServlet 'dispatcherServlet'
FrameworkServlet 'dispatcherServlet': initialization started
FrameworkServlet 'dispatcherServlet': initialization completed in 18 ms
Starting WxorderApplication on Mongo with PID 17740 (D:\JavaProjects\WXOrderDemo\target\classes started by Mongo in D:\JavaProjects\WXOrderDemo)
No active profile set, falling back to default profiles: default
Refreshing org.springframework.boot.web.servlet.context.AnnotationConfigServletWebServerApplicationContext@75d4a5c2: startup date [Sat Apr 28 15:31:04 CST 2018]; root of context hierarchy
Bean 'org.springframework.transaction.annotation.ProxyTransactionManagementConfiguration' of type [org.springframework.transaction.annotation.ProxyTransactionManagementConfiguration$$EnhancerBySpringCGLIB$$2ae4448c] is not eligible for getting processed by all BeanPostProcessors (for example: not eligible for auto-proxying)
Tomcat initialized with port(s): 9527 (http)
Initializing ProtocolHandler ["http-nio-9527"]
Starting service [Tomcat]
Starting Servlet Engine: Apache Tomcat/8.5.29
Loaded APR based Apache Tomcat Native library [1.2.16] using APR version [1.6.3].
APR capabilities: IPv6 [true], sendfile [true], accept filters [false], random [true].
APR/OpenSSL configuration: useAprConnector [false], useOpenSSL [true]
OpenSSL successfully initialized [OpenSSL 1.0.2m  2 Nov 2017]
Initializing Spring embedded WebApplicationContext
Root WebApplicationContext: initialization completed in 2092 ms
Servlet dispatcherServlet mapped to [/]
Mapping filter: 'characterEncodingFilter' to: [/*]
Mapping filter: 'hiddenHttpMethodFilter' to: [/*]
Mapping filter: 'httpPutFormContentFilter' to: [/*]
Mapping filter: 'requestContextFilter' to: [/*]
HikariPool-1 - Starting...
HikariPool-1 - Start completed.
Building JPA container EntityManagerFactory for persistence unit 'default'
HHH000204: Processing PersistenceUnitInfo [
	name: default
	...]
HHH000412: Hibernate Core {5.2.16.Final}
HHH000206: hibernate.properties not found
HCANN000001: Hibernate Commons Annotations {5.0.1.Final}
HHH000400: Using dialect: org.hibernate.dialect.MySQL5Dialect
Initialized JPA EntityManagerFactory for persistence unit 'default'
Mapped URL path [/**/favicon.ico] onto handler of type [class org.springframework.web.servlet.resource.ResourceHttpRequestHandler]
Looking for @ControllerAdvice: org.springframework.boot.web.servlet.context.AnnotationConfigServletWebServerApplicationContext@75d4a5c2: startup date [Sat Apr 28 15:31:04 CST 2018]; root of context hierarchy
spring.jpa.open-in-view is enabled by default. Therefore, database queries may be performed during view rendering. Explicitly configure spring.jpa.open-in-view to disable this warning
Mapped "{[/buyer/product/list],methods=[GET]}" onto public cn.mongode.wxorder.VO.ResultVO cn.mongode.wxorder.controller.BuyerProductController.list()
Mapped "{[/error]}" onto public org.springframework.http.ResponseEntity<java.util.Map<java.lang.String, java.lang.Object>> org.springframework.boot.autoconfigure.web.servlet.error.BasicErrorController.error(javax.servlet.http.HttpServletRequest)
Mapped "{[/error],produces=[text/html]}" onto public org.springframework.web.servlet.ModelAndView org.springframework.boot.autoconfigure.web.servlet.error.BasicErrorController.errorHtml(javax.servlet.http.HttpServletRequest,javax.servlet.http.HttpServletResponse)
Mapped URL path [/webjars/**] onto handler of type [class org.springframework.web.servlet.resource.ResourceHttpRequestHandler]
Mapped URL path [/**] onto handler of type [class org.springframework.web.servlet.resource.ResourceHttpRequestHandler]
Registering beans for JMX exposure on startup
Bean with name 'dataSource' has been autodetected for JMX exposure
Located MBean 'dataSource': registering with JMX server as MBean [com.zaxxer.hikari:name=dataSource,type=HikariDataSource]
Starting ProtocolHandler ["http-nio-9527"]
Using a shared selector for servlet write/read
Tomcat started on port(s): 9527 (http) with context path '/wxorder'
Started WxorderApplication in 3.959 seconds (JVM running for 4.55)
Initializing Spring FrameworkServlet 'dispatcherServlet'
FrameworkServlet 'dispatcherServlet': initialization started
FrameworkServlet 'dispatcherServlet': initialization completed in 12 ms
Starting WxorderApplication on Mongo with PID 19280 (D:\JavaProjects\WXOrderDemo\target\classes started by Mongo in D:\JavaProjects\WXOrderDemo)
No active profile set, falling back to default profiles: default
Refreshing org.springframework.boot.web.servlet.context.AnnotationConfigServletWebServerApplicationContext@75d4a5c2: startup date [Sat Apr 28 16:46:47 CST 2018]; root of context hierarchy
Bean 'org.springframework.transaction.annotation.ProxyTransactionManagementConfiguration' of type [org.springframework.transaction.annotation.ProxyTransactionManagementConfiguration$$EnhancerBySpringCGLIB$$d2bdf7ca] is not eligible for getting processed by all BeanPostProcessors (for example: not eligible for auto-proxying)
Tomcat initialized with port(s): 9527 (http)
Initializing ProtocolHandler ["http-nio-9527"]
Starting service [Tomcat]
Starting Servlet Engine: Apache Tomcat/8.5.29
Loaded APR based Apache Tomcat Native library [1.2.16] using APR version [1.6.3].
APR capabilities: IPv6 [true], sendfile [true], accept filters [false], random [true].
APR/OpenSSL configuration: useAprConnector [false], useOpenSSL [true]
OpenSSL successfully initialized [OpenSSL 1.0.2m  2 Nov 2017]
Initializing Spring embedded WebApplicationContext
Root WebApplicationContext: initialization completed in 2032 ms
Servlet dispatcherServlet mapped to [/]
Mapping filter: 'characterEncodingFilter' to: [/*]
Mapping filter: 'hiddenHttpMethodFilter' to: [/*]
Mapping filter: 'httpPutFormContentFilter' to: [/*]
Mapping filter: 'requestContextFilter' to: [/*]
HikariPool-1 - Starting...
HikariPool-1 - Start completed.
Building JPA container EntityManagerFactory for persistence unit 'default'
HHH000204: Processing PersistenceUnitInfo [
	name: default
	...]
HHH000412: Hibernate Core {5.2.16.Final}
HHH000206: hibernate.properties not found
HCANN000001: Hibernate Commons Annotations {5.0.1.Final}
HHH000400: Using dialect: org.hibernate.dialect.MySQL5Dialect
Initialized JPA EntityManagerFactory for persistence unit 'default'
Mapped URL path [/**/favicon.ico] onto handler of type [class org.springframework.web.servlet.resource.ResourceHttpRequestHandler]
Looking for @ControllerAdvice: org.springframework.boot.web.servlet.context.AnnotationConfigServletWebServerApplicationContext@75d4a5c2: startup date [Sat Apr 28 16:46:47 CST 2018]; root of context hierarchy
spring.jpa.open-in-view is enabled by default. Therefore, database queries may be performed during view rendering. Explicitly configure spring.jpa.open-in-view to disable this warning
Mapped "{[/buyer/product/list],methods=[GET]}" onto public cn.mongode.wxorder.VO.ResultVO cn.mongode.wxorder.controller.BuyerProductController.list()
Mapped "{[/error]}" onto public org.springframework.http.ResponseEntity<java.util.Map<java.lang.String, java.lang.Object>> org.springframework.boot.autoconfigure.web.servlet.error.BasicErrorController.error(javax.servlet.http.HttpServletRequest)
Mapped "{[/error],produces=[text/html]}" onto public org.springframework.web.servlet.ModelAndView org.springframework.boot.autoconfigure.web.servlet.error.BasicErrorController.errorHtml(javax.servlet.http.HttpServletRequest,javax.servlet.http.HttpServletResponse)
Mapped URL path [/webjars/**] onto handler of type [class org.springframework.web.servlet.resource.ResourceHttpRequestHandler]
Mapped URL path [/**] onto handler of type [class org.springframework.web.servlet.resource.ResourceHttpRequestHandler]
Registering beans for JMX exposure on startup
Bean with name 'dataSource' has been autodetected for JMX exposure
Located MBean 'dataSource': registering with JMX server as MBean [com.zaxxer.hikari:name=dataSource,type=HikariDataSource]
Starting ProtocolHandler ["http-nio-9527"]
Using a shared selector for servlet write/read
Tomcat started on port(s): 9527 (http) with context path '/wxorder'
Started WxorderApplication in 3.943 seconds (JVM running for 4.535)
Initializing Spring FrameworkServlet 'dispatcherServlet'
FrameworkServlet 'dispatcherServlet': initialization started
FrameworkServlet 'dispatcherServlet': initialization completed in 12 ms
HHH000397: Using ASTQueryTranslatorFactory
