Starting OrderServiceImplTest on Mongo with PID 6560 (started by Mongo in D:\JavaProjects\WXOrderDemo)
No active profile set, falling back to default profiles: default
Refreshing org.springframework.web.context.support.GenericWebApplicationContext@5f20155b: startup date [Tue May 08 10:10:53 CST 2018]; root of context hierarchy
Bean 'org.springframework.transaction.annotation.ProxyTransactionManagementConfiguration' of type [org.springframework.transaction.annotation.ProxyTransactionManagementConfiguration$$EnhancerBySpringCGLIB$$7f1663cb] is not eligible for getting processed by all BeanPostProcessors (for example: not eligible for auto-proxying)
HikariPool-1 - Starting...
HikariPool-1 - Start completed.
Building JPA container EntityManagerFactory for persistence unit 'default'
HHH000204: Processing PersistenceUnitInfo [
	name: default
	...]
HHH000412: Hibernate Core {5.2.16.Final}
HHH000206: hibernate.properties not found
HCANN000001: Hibernate Commons Annotations {5.0.1.Final}
HHH000400: Using dialect: org.hibernate.dialect.MySQL5Dialect
Initialized JPA EntityManagerFactory for persistence unit 'default'
Mapped URL path [/**/favicon.ico] onto handler of type [class org.springframework.web.servlet.resource.ResourceHttpRequestHandler]
Looking for @ControllerAdvice: org.springframework.web.context.support.GenericWebApplicationContext@5f20155b: startup date [Tue May 08 10:10:53 CST 2018]; root of context hierarchy
spring.jpa.open-in-view is enabled by default. Therefore, database queries may be performed during view rendering. Explicitly configure spring.jpa.open-in-view to disable this warning
Mapped "{[/buyer/product/list],methods=[GET]}" onto public cn.mongode.wxorder.VO.ResultVO cn.mongode.wxorder.controller.BuyerProductController.list()
Mapped "{[/error]}" onto public org.springframework.http.ResponseEntity<java.util.Map<java.lang.String, java.lang.Object>> org.springframework.boot.autoconfigure.web.servlet.error.BasicErrorController.error(javax.servlet.http.HttpServletRequest)
Mapped "{[/error],produces=[text/html]}" onto public org.springframework.web.servlet.ModelAndView org.springframework.boot.autoconfigure.web.servlet.error.BasicErrorController.errorHtml(javax.servlet.http.HttpServletRequest,javax.servlet.http.HttpServletResponse)
Mapped URL path [/webjars/**] onto handler of type [class org.springframework.web.servlet.resource.ResourceHttpRequestHandler]
Mapped URL path [/**] onto handler of type [class org.springframework.web.servlet.resource.ResourceHttpRequestHandler]
Started OrderServiceImplTest in 4.125 seconds (JVM running for 5.192)
HHH000397: Using ASTQueryTranslatorFactory
【查询个人订单列表】 result = Page 1 of 1 containing cn.mongode.wxorder.dto.OrderDTO instances
Closing org.springframework.web.context.support.GenericWebApplicationContext@5f20155b: startup date [Tue May 08 10:10:53 CST 2018]; root of context hierarchy
Closing JPA EntityManagerFactory for persistence unit 'default'
HikariPool-1 - Shutdown initiated...
HikariPool-1 - Shutdown completed.
Starting OrderServiceImplTest on Mongo with PID 3380 (started by Mongo in D:\JavaProjects\WXOrderDemo)
No active profile set, falling back to default profiles: default
Refreshing org.springframework.web.context.support.GenericWebApplicationContext@2205a05d: startup date [Tue May 08 10:11:48 CST 2018]; root of context hierarchy
Bean 'org.springframework.transaction.annotation.ProxyTransactionManagementConfiguration' of type [org.springframework.transaction.annotation.ProxyTransactionManagementConfiguration$$EnhancerBySpringCGLIB$$5949cd2a] is not eligible for getting processed by all BeanPostProcessors (for example: not eligible for auto-proxying)
HikariPool-1 - Starting...
HikariPool-1 - Start completed.
Building JPA container EntityManagerFactory for persistence unit 'default'
HHH000204: Processing PersistenceUnitInfo [
	name: default
	...]
HHH000412: Hibernate Core {5.2.16.Final}
HHH000206: hibernate.properties not found
HCANN000001: Hibernate Commons Annotations {5.0.1.Final}
HHH000400: Using dialect: org.hibernate.dialect.MySQL5Dialect
Initialized JPA EntityManagerFactory for persistence unit 'default'
Mapped URL path [/**/favicon.ico] onto handler of type [class org.springframework.web.servlet.resource.ResourceHttpRequestHandler]
Looking for @ControllerAdvice: org.springframework.web.context.support.GenericWebApplicationContext@2205a05d: startup date [Tue May 08 10:11:48 CST 2018]; root of context hierarchy
spring.jpa.open-in-view is enabled by default. Therefore, database queries may be performed during view rendering. Explicitly configure spring.jpa.open-in-view to disable this warning
Mapped "{[/buyer/product/list],methods=[GET]}" onto public cn.mongode.wxorder.VO.ResultVO cn.mongode.wxorder.controller.BuyerProductController.list()
Mapped "{[/error]}" onto public org.springframework.http.ResponseEntity<java.util.Map<java.lang.String, java.lang.Object>> org.springframework.boot.autoconfigure.web.servlet.error.BasicErrorController.error(javax.servlet.http.HttpServletRequest)
Mapped "{[/error],produces=[text/html]}" onto public org.springframework.web.servlet.ModelAndView org.springframework.boot.autoconfigure.web.servlet.error.BasicErrorController.errorHtml(javax.servlet.http.HttpServletRequest,javax.servlet.http.HttpServletResponse)
Mapped URL path [/webjars/**] onto handler of type [class org.springframework.web.servlet.resource.ResourceHttpRequestHandler]
Mapped URL path [/**] onto handler of type [class org.springframework.web.servlet.resource.ResourceHttpRequestHandler]
Started OrderServiceImplTest in 3.92 seconds (JVM running for 4.79)
HHH000397: Using ASTQueryTranslatorFactory
【查询个人订单列表】 result = 2
Closing org.springframework.web.context.support.GenericWebApplicationContext@2205a05d: startup date [Tue May 08 10:11:48 CST 2018]; root of context hierarchy
Closing JPA EntityManagerFactory for persistence unit 'default'
HikariPool-1 - Shutdown initiated...
HikariPool-1 - Shutdown completed.
Starting OrderServiceImplTest on Mongo with PID 8340 (started by Mongo in D:\JavaProjects\WXOrderDemo)
No active profile set, falling back to default profiles: default
Refreshing org.springframework.web.context.support.GenericWebApplicationContext@3fce8fd9: startup date [Tue May 08 10:12:43 CST 2018]; root of context hierarchy
Bean 'org.springframework.transaction.annotation.ProxyTransactionManagementConfiguration' of type [org.springframework.transaction.annotation.ProxyTransactionManagementConfiguration$$EnhancerBySpringCGLIB$$394ea316] is not eligible for getting processed by all BeanPostProcessors (for example: not eligible for auto-proxying)
HikariPool-1 - Starting...
HikariPool-1 - Start completed.
Building JPA container EntityManagerFactory for persistence unit 'default'
HHH000204: Processing PersistenceUnitInfo [
	name: default
	...]
HHH000412: Hibernate Core {5.2.16.Final}
HHH000206: hibernate.properties not found
HCANN000001: Hibernate Commons Annotations {5.0.1.Final}
HHH000400: Using dialect: org.hibernate.dialect.MySQL5Dialect
Initialized JPA EntityManagerFactory for persistence unit 'default'
Mapped URL path [/**/favicon.ico] onto handler of type [class org.springframework.web.servlet.resource.ResourceHttpRequestHandler]
Looking for @ControllerAdvice: org.springframework.web.context.support.GenericWebApplicationContext@3fce8fd9: startup date [Tue May 08 10:12:43 CST 2018]; root of context hierarchy
spring.jpa.open-in-view is enabled by default. Therefore, database queries may be performed during view rendering. Explicitly configure spring.jpa.open-in-view to disable this warning
Mapped "{[/buyer/product/list],methods=[GET]}" onto public cn.mongode.wxorder.VO.ResultVO cn.mongode.wxorder.controller.BuyerProductController.list()
Mapped "{[/error]}" onto public org.springframework.http.ResponseEntity<java.util.Map<java.lang.String, java.lang.Object>> org.springframework.boot.autoconfigure.web.servlet.error.BasicErrorController.error(javax.servlet.http.HttpServletRequest)
Mapped "{[/error],produces=[text/html]}" onto public org.springframework.web.servlet.ModelAndView org.springframework.boot.autoconfigure.web.servlet.error.BasicErrorController.errorHtml(javax.servlet.http.HttpServletRequest,javax.servlet.http.HttpServletResponse)
Mapped URL path [/webjars/**] onto handler of type [class org.springframework.web.servlet.resource.ResourceHttpRequestHandler]
Mapped URL path [/**] onto handler of type [class org.springframework.web.servlet.resource.ResourceHttpRequestHandler]
Started OrderServiceImplTest in 4.053 seconds (JVM running for 4.954)
HHH000397: Using ASTQueryTranslatorFactory
【查询个人订单列表】 result = [OrderDTO(orderId=1525424468790689444, buyerName=QHT9527, buyerPhone=12395279527, buyerAddress=CN.JS.WX.XQ.CJ-GJ-YQ, buyerOpenid=wxoid952700, orderAmount=1747.00, orderStatus=0, payStatus=0, createTime=2018-05-04 17:01:08.0, updateTime=2018-05-04 17:01:08.0, orderDetailList=null), OrderDTO(orderId=1525661371949252901, buyerName=QHT9527, buyerPhone=12395279527, buyerAddress=CN.JS.WX.XQ.CJ-GJ-YQ, buyerOpenid=wxoid952700, orderAmount=472.00, orderStatus=0, payStatus=0, createTime=2018-05-07 10:49:32.0, updateTime=2018-05-07 10:49:32.0, orderDetailList=null)]
Closing org.springframework.web.context.support.GenericWebApplicationContext@3fce8fd9: startup date [Tue May 08 10:12:43 CST 2018]; root of context hierarchy
Closing JPA EntityManagerFactory for persistence unit 'default'
HikariPool-1 - Shutdown initiated...
HikariPool-1 - Shutdown completed.
Starting OrderServiceImplTest on Mongo with PID 8844 (started by Mongo in D:\JavaProjects\WXOrderDemo)
No active profile set, falling back to default profiles: default
Refreshing org.springframework.web.context.support.GenericWebApplicationContext@72ade7e3: startup date [Tue May 08 10:13:27 CST 2018]; root of context hierarchy
Bean 'org.springframework.transaction.annotation.ProxyTransactionManagementConfiguration' of type [org.springframework.transaction.annotation.ProxyTransactionManagementConfiguration$$EnhancerBySpringCGLIB$$9f03a6c4] is not eligible for getting processed by all BeanPostProcessors (for example: not eligible for auto-proxying)
HikariPool-1 - Starting...
HikariPool-1 - Start completed.
Building JPA container EntityManagerFactory for persistence unit 'default'
HHH000204: Processing PersistenceUnitInfo [
	name: default
	...]
HHH000412: Hibernate Core {5.2.16.Final}
HHH000206: hibernate.properties not found
HCANN000001: Hibernate Commons Annotations {5.0.1.Final}
HHH000400: Using dialect: org.hibernate.dialect.MySQL5Dialect
Initialized JPA EntityManagerFactory for persistence unit 'default'
Mapped URL path [/**/favicon.ico] onto handler of type [class org.springframework.web.servlet.resource.ResourceHttpRequestHandler]
Looking for @ControllerAdvice: org.springframework.web.context.support.GenericWebApplicationContext@72ade7e3: startup date [Tue May 08 10:13:27 CST 2018]; root of context hierarchy
spring.jpa.open-in-view is enabled by default. Therefore, database queries may be performed during view rendering. Explicitly configure spring.jpa.open-in-view to disable this warning
Mapped "{[/buyer/product/list],methods=[GET]}" onto public cn.mongode.wxorder.VO.ResultVO cn.mongode.wxorder.controller.BuyerProductController.list()
Mapped "{[/error]}" onto public org.springframework.http.ResponseEntity<java.util.Map<java.lang.String, java.lang.Object>> org.springframework.boot.autoconfigure.web.servlet.error.BasicErrorController.error(javax.servlet.http.HttpServletRequest)
Mapped "{[/error],produces=[text/html]}" onto public org.springframework.web.servlet.ModelAndView org.springframework.boot.autoconfigure.web.servlet.error.BasicErrorController.errorHtml(javax.servlet.http.HttpServletRequest,javax.servlet.http.HttpServletResponse)
Mapped URL path [/webjars/**] onto handler of type [class org.springframework.web.servlet.resource.ResourceHttpRequestHandler]
Mapped URL path [/**] onto handler of type [class org.springframework.web.servlet.resource.ResourceHttpRequestHandler]
Started OrderServiceImplTest in 3.96 seconds (JVM running for 4.803)
HHH000397: Using ASTQueryTranslatorFactory
【查询个人订单列表】 result = [OrderDTO(orderId=1525422207149507756, buyerName=WG, buyerPhone=17979797979, buyerAddress=JSWX, buyerOpenid=wxoid797979, orderAmount=378.00, orderStatus=0, payStatus=0, createTime=2018-05-04 16:23:27.0, updateTime=2018-05-04 16:23:27.0, orderDetailList=null)]
Closing org.springframework.web.context.support.GenericWebApplicationContext@72ade7e3: startup date [Tue May 08 10:13:27 CST 2018]; root of context hierarchy
Closing JPA EntityManagerFactory for persistence unit 'default'
HikariPool-1 - Shutdown initiated...
HikariPool-1 - Shutdown completed.
Starting OrderServiceImplTest on Mongo with PID 2652 (started by Mongo in D:\JavaProjects\WXOrderDemo)
No active profile set, falling back to default profiles: default
Refreshing org.springframework.web.context.support.GenericWebApplicationContext@72ade7e3: startup date [Tue May 08 10:16:05 CST 2018]; root of context hierarchy
Bean 'org.springframework.transaction.annotation.ProxyTransactionManagementConfiguration' of type [org.springframework.transaction.annotation.ProxyTransactionManagementConfiguration$$EnhancerBySpringCGLIB$$9f03a6c4] is not eligible for getting processed by all BeanPostProcessors (for example: not eligible for auto-proxying)
HikariPool-1 - Starting...
HikariPool-1 - Start completed.
Building JPA container EntityManagerFactory for persistence unit 'default'
HHH000204: Processing PersistenceUnitInfo [
	name: default
	...]
HHH000412: Hibernate Core {5.2.16.Final}
HHH000206: hibernate.properties not found
HCANN000001: Hibernate Commons Annotations {5.0.1.Final}
HHH000400: Using dialect: org.hibernate.dialect.MySQL5Dialect
Initialized JPA EntityManagerFactory for persistence unit 'default'
Mapped URL path [/**/favicon.ico] onto handler of type [class org.springframework.web.servlet.resource.ResourceHttpRequestHandler]
Looking for @ControllerAdvice: org.springframework.web.context.support.GenericWebApplicationContext@72ade7e3: startup date [Tue May 08 10:16:05 CST 2018]; root of context hierarchy
spring.jpa.open-in-view is enabled by default. Therefore, database queries may be performed during view rendering. Explicitly configure spring.jpa.open-in-view to disable this warning
Mapped "{[/buyer/product/list],methods=[GET]}" onto public cn.mongode.wxorder.VO.ResultVO cn.mongode.wxorder.controller.BuyerProductController.list()
Mapped "{[/error]}" onto public org.springframework.http.ResponseEntity<java.util.Map<java.lang.String, java.lang.Object>> org.springframework.boot.autoconfigure.web.servlet.error.BasicErrorController.error(javax.servlet.http.HttpServletRequest)
Mapped "{[/error],produces=[text/html]}" onto public org.springframework.web.servlet.ModelAndView org.springframework.boot.autoconfigure.web.servlet.error.BasicErrorController.errorHtml(javax.servlet.http.HttpServletRequest,javax.servlet.http.HttpServletResponse)
Mapped URL path [/webjars/**] onto handler of type [class org.springframework.web.servlet.resource.ResourceHttpRequestHandler]
Mapped URL path [/**] onto handler of type [class org.springframework.web.servlet.resource.ResourceHttpRequestHandler]
Started OrderServiceImplTest in 4.0 seconds (JVM running for 4.887)
HHH000397: Using ASTQueryTranslatorFactory
【查询个人订单列表】 result = [OrderDTO(orderId=1525422207149507756, buyerName=WG, buyerPhone=17979797979, buyerAddress=JSWX, buyerOpenid=wxoid797979, orderAmount=378.00, orderStatus=0, payStatus=0, createTime=2018-05-04 16:23:27.0, updateTime=2018-05-04 16:23:27.0, orderDetailList=null)]
TotalElements = 1
Closing org.springframework.web.context.support.GenericWebApplicationContext@72ade7e3: startup date [Tue May 08 10:16:05 CST 2018]; root of context hierarchy
Closing JPA EntityManagerFactory for persistence unit 'default'
HikariPool-1 - Shutdown initiated...
HikariPool-1 - Shutdown completed.
Starting OrderServiceImplTest on Mongo with PID 5060 (started by Mongo in D:\JavaProjects\WXOrderDemo)
No active profile set, falling back to default profiles: default
Refreshing org.springframework.web.context.support.GenericWebApplicationContext@3fce8fd9: startup date [Tue May 08 10:16:47 CST 2018]; root of context hierarchy
Bean 'org.springframework.transaction.annotation.ProxyTransactionManagementConfiguration' of type [org.springframework.transaction.annotation.ProxyTransactionManagementConfiguration$$EnhancerBySpringCGLIB$$df6072c0] is not eligible for getting processed by all BeanPostProcessors (for example: not eligible for auto-proxying)
HikariPool-1 - Starting...
HikariPool-1 - Start completed.
Building JPA container EntityManagerFactory for persistence unit 'default'
HHH000204: Processing PersistenceUnitInfo [
	name: default
	...]
HHH000412: Hibernate Core {5.2.16.Final}
HHH000206: hibernate.properties not found
HCANN000001: Hibernate Commons Annotations {5.0.1.Final}
HHH000400: Using dialect: org.hibernate.dialect.MySQL5Dialect
Initialized JPA EntityManagerFactory for persistence unit 'default'
Mapped URL path [/**/favicon.ico] onto handler of type [class org.springframework.web.servlet.resource.ResourceHttpRequestHandler]
Looking for @ControllerAdvice: org.springframework.web.context.support.GenericWebApplicationContext@3fce8fd9: startup date [Tue May 08 10:16:47 CST 2018]; root of context hierarchy
spring.jpa.open-in-view is enabled by default. Therefore, database queries may be performed during view rendering. Explicitly configure spring.jpa.open-in-view to disable this warning
Mapped "{[/buyer/product/list],methods=[GET]}" onto public cn.mongode.wxorder.VO.ResultVO cn.mongode.wxorder.controller.BuyerProductController.list()
Mapped "{[/error]}" onto public org.springframework.http.ResponseEntity<java.util.Map<java.lang.String, java.lang.Object>> org.springframework.boot.autoconfigure.web.servlet.error.BasicErrorController.error(javax.servlet.http.HttpServletRequest)
Mapped "{[/error],produces=[text/html]}" onto public org.springframework.web.servlet.ModelAndView org.springframework.boot.autoconfigure.web.servlet.error.BasicErrorController.errorHtml(javax.servlet.http.HttpServletRequest,javax.servlet.http.HttpServletResponse)
Mapped URL path [/webjars/**] onto handler of type [class org.springframework.web.servlet.resource.ResourceHttpRequestHandler]
Mapped URL path [/**] onto handler of type [class org.springframework.web.servlet.resource.ResourceHttpRequestHandler]
Started OrderServiceImplTest in 3.888 seconds (JVM running for 4.708)
HHH000397: Using ASTQueryTranslatorFactory
【查询个人订单列表】 result = []
TotalElements = 0
Closing org.springframework.web.context.support.GenericWebApplicationContext@3fce8fd9: startup date [Tue May 08 10:16:47 CST 2018]; root of context hierarchy
Closing JPA EntityManagerFactory for persistence unit 'default'
HikariPool-1 - Shutdown initiated...
HikariPool-1 - Shutdown completed.
Starting OrderServiceImplTest on Mongo with PID 13004 (started by Mongo in D:\JavaProjects\WXOrderDemo)
No active profile set, falling back to default profiles: default
Refreshing org.springframework.web.context.support.GenericWebApplicationContext@2205a05d: startup date [Tue May 08 10:17:40 CST 2018]; root of context hierarchy
Bean 'org.springframework.transaction.annotation.ProxyTransactionManagementConfiguration' of type [org.springframework.transaction.annotation.ProxyTransactionManagementConfiguration$$EnhancerBySpringCGLIB$$df6072c0] is not eligible for getting processed by all BeanPostProcessors (for example: not eligible for auto-proxying)
HikariPool-1 - Starting...
HikariPool-1 - Start completed.
Building JPA container EntityManagerFactory for persistence unit 'default'
HHH000204: Processing PersistenceUnitInfo [
	name: default
	...]
HHH000412: Hibernate Core {5.2.16.Final}
HHH000206: hibernate.properties not found
HCANN000001: Hibernate Commons Annotations {5.0.1.Final}
HHH000400: Using dialect: org.hibernate.dialect.MySQL5Dialect
Initialized JPA EntityManagerFactory for persistence unit 'default'
Mapped URL path [/**/favicon.ico] onto handler of type [class org.springframework.web.servlet.resource.ResourceHttpRequestHandler]
Looking for @ControllerAdvice: org.springframework.web.context.support.GenericWebApplicationContext@2205a05d: startup date [Tue May 08 10:17:40 CST 2018]; root of context hierarchy
spring.jpa.open-in-view is enabled by default. Therefore, database queries may be performed during view rendering. Explicitly configure spring.jpa.open-in-view to disable this warning
Mapped "{[/buyer/product/list],methods=[GET]}" onto public cn.mongode.wxorder.VO.ResultVO cn.mongode.wxorder.controller.BuyerProductController.list()
Mapped "{[/error]}" onto public org.springframework.http.ResponseEntity<java.util.Map<java.lang.String, java.lang.Object>> org.springframework.boot.autoconfigure.web.servlet.error.BasicErrorController.error(javax.servlet.http.HttpServletRequest)
Mapped "{[/error],produces=[text/html]}" onto public org.springframework.web.servlet.ModelAndView org.springframework.boot.autoconfigure.web.servlet.error.BasicErrorController.errorHtml(javax.servlet.http.HttpServletRequest,javax.servlet.http.HttpServletResponse)
Mapped URL path [/webjars/**] onto handler of type [class org.springframework.web.servlet.resource.ResourceHttpRequestHandler]
Mapped URL path [/**] onto handler of type [class org.springframework.web.servlet.resource.ResourceHttpRequestHandler]
Started OrderServiceImplTest in 3.883 seconds (JVM running for 4.703)
HHH000397: Using ASTQueryTranslatorFactory
【查询个人订单列表】 result = [OrderDTO(orderId=om100zxc, buyerName=WJY, buyerPhone=12345678999, buyerAddress=CN.JS.WX.XQ.CJGJHY, buyerOpenid=wxoid789789, orderAmount=512.00, orderStatus=0, payStatus=0, createTime=2018-05-02 14:46:40.0, updateTime=2018-05-02 14:46:40.0, orderDetailList=null), OrderDTO(orderId=om111vbn, buyerName=WJY, buyerPhone=12345678999, buyerAddress=CN.JS.WX.XQ.CJGJHY, buyerOpenid=wxoid789789, orderAmount=36.50, orderStatus=0, payStatus=1, createTime=2018-05-02 14:46:40.0, updateTime=2018-05-02 14:46:40.0, orderDetailList=null), OrderDTO(orderId=om199qwe, buyerName=WJY, buyerPhone=12345678999, buyerAddress=CN.JS.WX.XQ.CJGJHY, buyerOpenid=wxoid789789, orderAmount=365.50, orderStatus=1, payStatus=1, createTime=2018-05-02 15:07:17.0, updateTime=2018-05-02 15:07:17.0, orderDetailList=null)]
TotalElements = 3
Closing org.springframework.web.context.support.GenericWebApplicationContext@2205a05d: startup date [Tue May 08 10:17:40 CST 2018]; root of context hierarchy
Closing JPA EntityManagerFactory for persistence unit 'default'
HikariPool-1 - Shutdown initiated...
HikariPool-1 - Shutdown completed.
Starting OrderServiceImplTest on Mongo with PID 14680 (started by Mongo in D:\JavaProjects\WXOrderDemo)
No active profile set, falling back to default profiles: default
Refreshing org.springframework.web.context.support.GenericWebApplicationContext@42e25b0b: startup date [Tue May 08 13:55:11 CST 2018]; root of context hierarchy
Bean 'org.springframework.transaction.annotation.ProxyTransactionManagementConfiguration' of type [org.springframework.transaction.annotation.ProxyTransactionManagementConfiguration$$EnhancerBySpringCGLIB$$12a864cc] is not eligible for getting processed by all BeanPostProcessors (for example: not eligible for auto-proxying)
HikariPool-1 - Starting...
HikariPool-1 - Start completed.
Building JPA container EntityManagerFactory for persistence unit 'default'
HHH000204: Processing PersistenceUnitInfo [
	name: default
	...]
HHH000412: Hibernate Core {5.2.16.Final}
HHH000206: hibernate.properties not found
HCANN000001: Hibernate Commons Annotations {5.0.1.Final}
HHH000400: Using dialect: org.hibernate.dialect.MySQL5Dialect
Initialized JPA EntityManagerFactory for persistence unit 'default'
Mapped URL path [/**/favicon.ico] onto handler of type [class org.springframework.web.servlet.resource.ResourceHttpRequestHandler]
Looking for @ControllerAdvice: org.springframework.web.context.support.GenericWebApplicationContext@42e25b0b: startup date [Tue May 08 13:55:11 CST 2018]; root of context hierarchy
spring.jpa.open-in-view is enabled by default. Therefore, database queries may be performed during view rendering. Explicitly configure spring.jpa.open-in-view to disable this warning
Mapped "{[/buyer/product/list],methods=[GET]}" onto public cn.mongode.wxorder.VO.ResultVO cn.mongode.wxorder.controller.BuyerProductController.list()
Mapped "{[/error]}" onto public org.springframework.http.ResponseEntity<java.util.Map<java.lang.String, java.lang.Object>> org.springframework.boot.autoconfigure.web.servlet.error.BasicErrorController.error(javax.servlet.http.HttpServletRequest)
Mapped "{[/error],produces=[text/html]}" onto public org.springframework.web.servlet.ModelAndView org.springframework.boot.autoconfigure.web.servlet.error.BasicErrorController.errorHtml(javax.servlet.http.HttpServletRequest,javax.servlet.http.HttpServletResponse)
Mapped URL path [/webjars/**] onto handler of type [class org.springframework.web.servlet.resource.ResourceHttpRequestHandler]
Mapped URL path [/**] onto handler of type [class org.springframework.web.servlet.resource.ResourceHttpRequestHandler]
Started OrderServiceImplTest in 3.876 seconds (JVM running for 4.692)
HHH000397: Using ASTQueryTranslatorFactory
Closing org.springframework.web.context.support.GenericWebApplicationContext@42e25b0b: startup date [Tue May 08 13:55:11 CST 2018]; root of context hierarchy
Closing JPA EntityManagerFactory for persistence unit 'default'
HikariPool-1 - Shutdown initiated...
HikariPool-1 - Shutdown completed.
Starting OrderServiceImplTest on Mongo with PID 8688 (started by Mongo in D:\JavaProjects\WXOrderDemo)
No active profile set, falling back to default profiles: default
Refreshing org.springframework.web.context.support.GenericWebApplicationContext@609bcfb6: startup date [Tue May 08 13:59:13 CST 2018]; root of context hierarchy
Bean 'org.springframework.transaction.annotation.ProxyTransactionManagementConfiguration' of type [org.springframework.transaction.annotation.ProxyTransactionManagementConfiguration$$EnhancerBySpringCGLIB$$8e1b3819] is not eligible for getting processed by all BeanPostProcessors (for example: not eligible for auto-proxying)
HikariPool-1 - Starting...
HikariPool-1 - Start completed.
Building JPA container EntityManagerFactory for persistence unit 'default'
HHH000204: Processing PersistenceUnitInfo [
	name: default
	...]
HHH000412: Hibernate Core {5.2.16.Final}
HHH000206: hibernate.properties not found
HCANN000001: Hibernate Commons Annotations {5.0.1.Final}
HHH000400: Using dialect: org.hibernate.dialect.MySQL5Dialect
Initialized JPA EntityManagerFactory for persistence unit 'default'
Mapped URL path [/**/favicon.ico] onto handler of type [class org.springframework.web.servlet.resource.ResourceHttpRequestHandler]
Looking for @ControllerAdvice: org.springframework.web.context.support.GenericWebApplicationContext@609bcfb6: startup date [Tue May 08 13:59:13 CST 2018]; root of context hierarchy
spring.jpa.open-in-view is enabled by default. Therefore, database queries may be performed during view rendering. Explicitly configure spring.jpa.open-in-view to disable this warning
Mapped "{[/buyer/product/list],methods=[GET]}" onto public cn.mongode.wxorder.VO.ResultVO cn.mongode.wxorder.controller.BuyerProductController.list()
Mapped "{[/error]}" onto public org.springframework.http.ResponseEntity<java.util.Map<java.lang.String, java.lang.Object>> org.springframework.boot.autoconfigure.web.servlet.error.BasicErrorController.error(javax.servlet.http.HttpServletRequest)
Mapped "{[/error],produces=[text/html]}" onto public org.springframework.web.servlet.ModelAndView org.springframework.boot.autoconfigure.web.servlet.error.BasicErrorController.errorHtml(javax.servlet.http.HttpServletRequest,javax.servlet.http.HttpServletResponse)
Mapped URL path [/webjars/**] onto handler of type [class org.springframework.web.servlet.resource.ResourceHttpRequestHandler]
Mapped URL path [/**] onto handler of type [class org.springframework.web.servlet.resource.ResourceHttpRequestHandler]
Started OrderServiceImplTest in 3.892 seconds (JVM running for 4.731)
HHH000397: Using ASTQueryTranslatorFactory
Closing org.springframework.web.context.support.GenericWebApplicationContext@609bcfb6: startup date [Tue May 08 13:59:13 CST 2018]; root of context hierarchy
Closing JPA EntityManagerFactory for persistence unit 'default'
HikariPool-1 - Shutdown initiated...
HikariPool-1 - Shutdown completed.
Starting OrderServiceImplTest on Mongo with PID 14528 (started by Mongo in D:\JavaProjects\WXOrderDemo)
No active profile set, falling back to default profiles: default
Refreshing org.springframework.web.context.support.GenericWebApplicationContext@42e25b0b: startup date [Tue May 08 13:59:52 CST 2018]; root of context hierarchy
Bean 'org.springframework.transaction.annotation.ProxyTransactionManagementConfiguration' of type [org.springframework.transaction.annotation.ProxyTransactionManagementConfiguration$$EnhancerBySpringCGLIB$$ae0bf703] is not eligible for getting processed by all BeanPostProcessors (for example: not eligible for auto-proxying)
HikariPool-1 - Starting...
HikariPool-1 - Start completed.
Building JPA container EntityManagerFactory for persistence unit 'default'
HHH000204: Processing PersistenceUnitInfo [
	name: default
	...]
HHH000412: Hibernate Core {5.2.16.Final}
HHH000206: hibernate.properties not found
HCANN000001: Hibernate Commons Annotations {5.0.1.Final}
HHH000400: Using dialect: org.hibernate.dialect.MySQL5Dialect
Initialized JPA EntityManagerFactory for persistence unit 'default'
Mapped URL path [/**/favicon.ico] onto handler of type [class org.springframework.web.servlet.resource.ResourceHttpRequestHandler]
Looking for @ControllerAdvice: org.springframework.web.context.support.GenericWebApplicationContext@42e25b0b: startup date [Tue May 08 13:59:52 CST 2018]; root of context hierarchy
spring.jpa.open-in-view is enabled by default. Therefore, database queries may be performed during view rendering. Explicitly configure spring.jpa.open-in-view to disable this warning
Mapped "{[/buyer/product/list],methods=[GET]}" onto public cn.mongode.wxorder.VO.ResultVO cn.mongode.wxorder.controller.BuyerProductController.list()
Mapped "{[/error]}" onto public org.springframework.http.ResponseEntity<java.util.Map<java.lang.String, java.lang.Object>> org.springframework.boot.autoconfigure.web.servlet.error.BasicErrorController.error(javax.servlet.http.HttpServletRequest)
Mapped "{[/error],produces=[text/html]}" onto public org.springframework.web.servlet.ModelAndView org.springframework.boot.autoconfigure.web.servlet.error.BasicErrorController.errorHtml(javax.servlet.http.HttpServletRequest,javax.servlet.http.HttpServletResponse)
Mapped URL path [/webjars/**] onto handler of type [class org.springframework.web.servlet.resource.ResourceHttpRequestHandler]
Mapped URL path [/**] onto handler of type [class org.springframework.web.servlet.resource.ResourceHttpRequestHandler]
Started OrderServiceImplTest in 3.881 seconds (JVM running for 4.748)
HHH000397: Using ASTQueryTranslatorFactory
Closing org.springframework.web.context.support.GenericWebApplicationContext@42e25b0b: startup date [Tue May 08 13:59:52 CST 2018]; root of context hierarchy
Closing JPA EntityManagerFactory for persistence unit 'default'
HikariPool-1 - Shutdown initiated...
HikariPool-1 - Shutdown completed.
Starting OrderServiceImplTest on Mongo with PID 10928 (started by Mongo in D:\JavaProjects\WXOrderDemo)
No active profile set, falling back to default profiles: default
Refreshing org.springframework.web.context.support.GenericWebApplicationContext@609bcfb6: startup date [Tue May 08 14:39:29 CST 2018]; root of context hierarchy
Bean 'org.springframework.transaction.annotation.ProxyTransactionManagementConfiguration' of type [org.springframework.transaction.annotation.ProxyTransactionManagementConfiguration$$EnhancerBySpringCGLIB$$2828e370] is not eligible for getting processed by all BeanPostProcessors (for example: not eligible for auto-proxying)
HikariPool-1 - Starting...
HikariPool-1 - Start completed.
Building JPA container EntityManagerFactory for persistence unit 'default'
HHH000204: Processing PersistenceUnitInfo [
	name: default
	...]
HHH000412: Hibernate Core {5.2.16.Final}
HHH000206: hibernate.properties not found
HCANN000001: Hibernate Commons Annotations {5.0.1.Final}
HHH000400: Using dialect: org.hibernate.dialect.MySQL5Dialect
Initialized JPA EntityManagerFactory for persistence unit 'default'
Mapped URL path [/**/favicon.ico] onto handler of type [class org.springframework.web.servlet.resource.ResourceHttpRequestHandler]
Looking for @ControllerAdvice: org.springframework.web.context.support.GenericWebApplicationContext@609bcfb6: startup date [Tue May 08 14:39:29 CST 2018]; root of context hierarchy
spring.jpa.open-in-view is enabled by default. Therefore, database queries may be performed during view rendering. Explicitly configure spring.jpa.open-in-view to disable this warning
Mapped "{[/buyer/product/list],methods=[GET]}" onto public cn.mongode.wxorder.VO.ResultVO cn.mongode.wxorder.controller.BuyerProductController.list()
Mapped "{[/error]}" onto public org.springframework.http.ResponseEntity<java.util.Map<java.lang.String, java.lang.Object>> org.springframework.boot.autoconfigure.web.servlet.error.BasicErrorController.error(javax.servlet.http.HttpServletRequest)
Mapped "{[/error],produces=[text/html]}" onto public org.springframework.web.servlet.ModelAndView org.springframework.boot.autoconfigure.web.servlet.error.BasicErrorController.errorHtml(javax.servlet.http.HttpServletRequest,javax.servlet.http.HttpServletResponse)
Mapped URL path [/webjars/**] onto handler of type [class org.springframework.web.servlet.resource.ResourceHttpRequestHandler]
Mapped URL path [/**] onto handler of type [class org.springframework.web.servlet.resource.ResourceHttpRequestHandler]
Started OrderServiceImplTest in 3.777 seconds (JVM running for 4.614)
HHH000397: Using ASTQueryTranslatorFactory
Order Finish Result = OrderDTO(orderId=1525422207149507756, buyerName=WG, buyerPhone=17979797979, buyerAddress=JSWX, buyerOpenid=wxoid797979, orderAmount=378.00, orderStatus=1, payStatus=0, createTime=2018-05-04 16:23:27.0, updateTime=2018-05-08 14:01:30.0, orderDetailList=[OrderDetail(detailId=1525422207200225277, orderId=1525422207149507756, productId=223a456b789g, productName=PN09, productPrice=189.00, productQuantity=2, productIcon=https://cdn.pixabay.com/photo/2018/01/21/01/46/architecture-3095716_960_720.jpg, createTime=2018-05-04 16:23:27.0, updateTime=2018-05-04 16:23:27.0)])
Closing org.springframework.web.context.support.GenericWebApplicationContext@609bcfb6: startup date [Tue May 08 14:39:29 CST 2018]; root of context hierarchy
Closing JPA EntityManagerFactory for persistence unit 'default'
HikariPool-1 - Shutdown initiated...
HikariPool-1 - Shutdown completed.
Starting OrderServiceImplTest on Mongo with PID 15136 (started by Mongo in D:\JavaProjects\WXOrderDemo)
No active profile set, falling back to default profiles: default
Refreshing org.springframework.web.context.support.GenericWebApplicationContext@239105a8: startup date [Tue May 08 14:41:48 CST 2018]; root of context hierarchy
Bean 'org.springframework.transaction.annotation.ProxyTransactionManagementConfiguration' of type [org.springframework.transaction.annotation.ProxyTransactionManagementConfiguration$$EnhancerBySpringCGLIB$$ae0bf703] is not eligible for getting processed by all BeanPostProcessors (for example: not eligible for auto-proxying)
HikariPool-1 - Starting...
HikariPool-1 - Start completed.
Building JPA container EntityManagerFactory for persistence unit 'default'
HHH000204: Processing PersistenceUnitInfo [
	name: default
	...]
HHH000412: Hibernate Core {5.2.16.Final}
HHH000206: hibernate.properties not found
HCANN000001: Hibernate Commons Annotations {5.0.1.Final}
HHH000400: Using dialect: org.hibernate.dialect.MySQL5Dialect
Initialized JPA EntityManagerFactory for persistence unit 'default'
Mapped URL path [/**/favicon.ico] onto handler of type [class org.springframework.web.servlet.resource.ResourceHttpRequestHandler]
Looking for @ControllerAdvice: org.springframework.web.context.support.GenericWebApplicationContext@239105a8: startup date [Tue May 08 14:41:48 CST 2018]; root of context hierarchy
spring.jpa.open-in-view is enabled by default. Therefore, database queries may be performed during view rendering. Explicitly configure spring.jpa.open-in-view to disable this warning
Mapped "{[/buyer/product/list],methods=[GET]}" onto public cn.mongode.wxorder.VO.ResultVO cn.mongode.wxorder.controller.BuyerProductController.list()
Mapped "{[/error]}" onto public org.springframework.http.ResponseEntity<java.util.Map<java.lang.String, java.lang.Object>> org.springframework.boot.autoconfigure.web.servlet.error.BasicErrorController.error(javax.servlet.http.HttpServletRequest)
Mapped "{[/error],produces=[text/html]}" onto public org.springframework.web.servlet.ModelAndView org.springframework.boot.autoconfigure.web.servlet.error.BasicErrorController.errorHtml(javax.servlet.http.HttpServletRequest,javax.servlet.http.HttpServletResponse)
Mapped URL path [/webjars/**] onto handler of type [class org.springframework.web.servlet.resource.ResourceHttpRequestHandler]
Mapped URL path [/**] onto handler of type [class org.springframework.web.servlet.resource.ResourceHttpRequestHandler]
Started OrderServiceImplTest in 3.782 seconds (JVM running for 4.595)
HHH000397: Using ASTQueryTranslatorFactory
【订单支付】订单支付状态异常, orderDTO = OrderDTO(orderId=1525422207149507756, buyerName=WG, buyerPhone=17979797979, buyerAddress=JSWX, buyerOpenid=wxoid797979, orderAmount=378.00, orderStatus=0, payStatus=0, createTime=2018-05-04 16:23:27.0, updateTime=2018-05-08 14:40:20.0, orderDetailList=[OrderDetail(detailId=1525422207200225277, orderId=1525422207149507756, productId=223a456b789g, productName=PN09, productPrice=189.00, productQuantity=2, productIcon=https://cdn.pixabay.com/photo/2018/01/21/01/46/architecture-3095716_960_720.jpg, createTime=2018-05-04 16:23:27.0, updateTime=2018-05-04 16:23:27.0)])
Closing org.springframework.web.context.support.GenericWebApplicationContext@239105a8: startup date [Tue May 08 14:41:48 CST 2018]; root of context hierarchy
Closing JPA EntityManagerFactory for persistence unit 'default'
HikariPool-1 - Shutdown initiated...
HikariPool-1 - Shutdown completed.
Starting OrderServiceImplTest on Mongo with PID 4956 (started by Mongo in D:\JavaProjects\WXOrderDemo)
No active profile set, falling back to default profiles: default
Refreshing org.springframework.web.context.support.GenericWebApplicationContext@72ef8d15: startup date [Tue May 08 14:55:18 CST 2018]; root of context hierarchy
Bean 'org.springframework.transaction.annotation.ProxyTransactionManagementConfiguration' of type [org.springframework.transaction.annotation.ProxyTransactionManagementConfiguration$$EnhancerBySpringCGLIB$$ae0bf703] is not eligible for getting processed by all BeanPostProcessors (for example: not eligible for auto-proxying)
HikariPool-1 - Starting...
HikariPool-1 - Start completed.
Building JPA container EntityManagerFactory for persistence unit 'default'
HHH000204: Processing PersistenceUnitInfo [
	name: default
	...]
HHH000412: Hibernate Core {5.2.16.Final}
HHH000206: hibernate.properties not found
HCANN000001: Hibernate Commons Annotations {5.0.1.Final}
HHH000400: Using dialect: org.hibernate.dialect.MySQL5Dialect
Initialized JPA EntityManagerFactory for persistence unit 'default'
Mapped URL path [/**/favicon.ico] onto handler of type [class org.springframework.web.servlet.resource.ResourceHttpRequestHandler]
Looking for @ControllerAdvice: org.springframework.web.context.support.GenericWebApplicationContext@72ef8d15: startup date [Tue May 08 14:55:18 CST 2018]; root of context hierarchy
spring.jpa.open-in-view is enabled by default. Therefore, database queries may be performed during view rendering. Explicitly configure spring.jpa.open-in-view to disable this warning
Mapped "{[/buyer/product/list],methods=[GET]}" onto public cn.mongode.wxorder.VO.ResultVO cn.mongode.wxorder.controller.BuyerProductController.list()
Mapped "{[/error]}" onto public org.springframework.http.ResponseEntity<java.util.Map<java.lang.String, java.lang.Object>> org.springframework.boot.autoconfigure.web.servlet.error.BasicErrorController.error(javax.servlet.http.HttpServletRequest)
Mapped "{[/error],produces=[text/html]}" onto public org.springframework.web.servlet.ModelAndView org.springframework.boot.autoconfigure.web.servlet.error.BasicErrorController.errorHtml(javax.servlet.http.HttpServletRequest,javax.servlet.http.HttpServletResponse)
Mapped URL path [/webjars/**] onto handler of type [class org.springframework.web.servlet.resource.ResourceHttpRequestHandler]
Mapped URL path [/**] onto handler of type [class org.springframework.web.servlet.resource.ResourceHttpRequestHandler]
Started OrderServiceImplTest in 3.813 seconds (JVM running for 4.639)
HHH000397: Using ASTQueryTranslatorFactory
Order Paid Result = OrderDTO(orderId=1525422207149507756, buyerName=WG, buyerPhone=17979797979, buyerAddress=JSWX, buyerOpenid=wxoid797979, orderAmount=378.00, orderStatus=0, payStatus=1, createTime=2018-05-04 16:23:27.0, updateTime=2018-05-08 14:40:20.0, orderDetailList=[OrderDetail(detailId=1525422207200225277, orderId=1525422207149507756, productId=223a456b789g, productName=PN09, productPrice=189.00, productQuantity=2, productIcon=https://cdn.pixabay.com/photo/2018/01/21/01/46/architecture-3095716_960_720.jpg, createTime=2018-05-04 16:23:27.0, updateTime=2018-05-04 16:23:27.0)])
Closing org.springframework.web.context.support.GenericWebApplicationContext@72ef8d15: startup date [Tue May 08 14:55:18 CST 2018]; root of context hierarchy
Closing JPA EntityManagerFactory for persistence unit 'default'
HikariPool-1 - Shutdown initiated...
HikariPool-1 - Shutdown completed.
Starting OrderServiceImplTest on Mongo with PID 124 (started by Mongo in D:\JavaProjects\WXOrderDemo)
No active profile set, falling back to default profiles: default
Refreshing org.springframework.web.context.support.GenericWebApplicationContext@72ef8d15: startup date [Tue May 08 14:55:54 CST 2018]; root of context hierarchy
Bean 'org.springframework.transaction.annotation.ProxyTransactionManagementConfiguration' of type [org.springframework.transaction.annotation.ProxyTransactionManagementConfiguration$$EnhancerBySpringCGLIB$$4fafa9bb] is not eligible for getting processed by all BeanPostProcessors (for example: not eligible for auto-proxying)
HikariPool-1 - Starting...
HikariPool-1 - Start completed.
Building JPA container EntityManagerFactory for persistence unit 'default'
HHH000204: Processing PersistenceUnitInfo [
	name: default
	...]
HHH000412: Hibernate Core {5.2.16.Final}
HHH000206: hibernate.properties not found
HCANN000001: Hibernate Commons Annotations {5.0.1.Final}
HHH000400: Using dialect: org.hibernate.dialect.MySQL5Dialect
Initialized JPA EntityManagerFactory for persistence unit 'default'
Mapped URL path [/**/favicon.ico] onto handler of type [class org.springframework.web.servlet.resource.ResourceHttpRequestHandler]
Looking for @ControllerAdvice: org.springframework.web.context.support.GenericWebApplicationContext@72ef8d15: startup date [Tue May 08 14:55:54 CST 2018]; root of context hierarchy
spring.jpa.open-in-view is enabled by default. Therefore, database queries may be performed during view rendering. Explicitly configure spring.jpa.open-in-view to disable this warning
Mapped "{[/buyer/product/list],methods=[GET]}" onto public cn.mongode.wxorder.VO.ResultVO cn.mongode.wxorder.controller.BuyerProductController.list()
Mapped "{[/error]}" onto public org.springframework.http.ResponseEntity<java.util.Map<java.lang.String, java.lang.Object>> org.springframework.boot.autoconfigure.web.servlet.error.BasicErrorController.error(javax.servlet.http.HttpServletRequest)
Mapped "{[/error],produces=[text/html]}" onto public org.springframework.web.servlet.ModelAndView org.springframework.boot.autoconfigure.web.servlet.error.BasicErrorController.errorHtml(javax.servlet.http.HttpServletRequest,javax.servlet.http.HttpServletResponse)
Mapped URL path [/webjars/**] onto handler of type [class org.springframework.web.servlet.resource.ResourceHttpRequestHandler]
Mapped URL path [/**] onto handler of type [class org.springframework.web.servlet.resource.ResourceHttpRequestHandler]
Started OrderServiceImplTest in 3.829 seconds (JVM running for 4.659)
HHH000397: Using ASTQueryTranslatorFactory
Order Finish Result = OrderDTO(orderId=1525422207149507756, buyerName=WG, buyerPhone=17979797979, buyerAddress=JSWX, buyerOpenid=wxoid797979, orderAmount=378.00, orderStatus=1, payStatus=1, createTime=2018-05-04 16:23:27.0, updateTime=2018-05-08 14:40:20.0, orderDetailList=[OrderDetail(detailId=1525422207200225277, orderId=1525422207149507756, productId=223a456b789g, productName=PN09, productPrice=189.00, productQuantity=2, productIcon=https://cdn.pixabay.com/photo/2018/01/21/01/46/architecture-3095716_960_720.jpg, createTime=2018-05-04 16:23:27.0, updateTime=2018-05-04 16:23:27.0)])
Closing org.springframework.web.context.support.GenericWebApplicationContext@72ef8d15: startup date [Tue May 08 14:55:54 CST 2018]; root of context hierarchy
Closing JPA EntityManagerFactory for persistence unit 'default'
HikariPool-1 - Shutdown initiated...
HikariPool-1 - Shutdown completed.
Starting OrderServiceImplTest on Mongo with PID 15128 (started by Mongo in D:\JavaProjects\WXOrderDemo)
No active profile set, falling back to default profiles: default
Refreshing org.springframework.web.context.support.GenericWebApplicationContext@72ade7e3: startup date [Tue May 08 15:02:49 CST 2018]; root of context hierarchy
Bean 'org.springframework.transaction.annotation.ProxyTransactionManagementConfiguration' of type [org.springframework.transaction.annotation.ProxyTransactionManagementConfiguration$$EnhancerBySpringCGLIB$$d11d9c4] is not eligible for getting processed by all BeanPostProcessors (for example: not eligible for auto-proxying)
HikariPool-1 - Starting...
HikariPool-1 - Start completed.
Building JPA container EntityManagerFactory for persistence unit 'default'
HHH000204: Processing PersistenceUnitInfo [
	name: default
	...]
HHH000412: Hibernate Core {5.2.16.Final}
HHH000206: hibernate.properties not found
HCANN000001: Hibernate Commons Annotations {5.0.1.Final}
HHH000400: Using dialect: org.hibernate.dialect.MySQL5Dialect
Initialized JPA EntityManagerFactory for persistence unit 'default'
Mapped URL path [/**/favicon.ico] onto handler of type [class org.springframework.web.servlet.resource.ResourceHttpRequestHandler]
Looking for @ControllerAdvice: org.springframework.web.context.support.GenericWebApplicationContext@72ade7e3: startup date [Tue May 08 15:02:49 CST 2018]; root of context hierarchy
spring.jpa.open-in-view is enabled by default. Therefore, database queries may be performed during view rendering. Explicitly configure spring.jpa.open-in-view to disable this warning
Mapped "{[/buyer/product/list],methods=[GET]}" onto public cn.mongode.wxorder.VO.ResultVO cn.mongode.wxorder.controller.BuyerProductController.list()
Mapped "{[/error]}" onto public org.springframework.http.ResponseEntity<java.util.Map<java.lang.String, java.lang.Object>> org.springframework.boot.autoconfigure.web.servlet.error.BasicErrorController.error(javax.servlet.http.HttpServletRequest)
Mapped "{[/error],produces=[text/html]}" onto public org.springframework.web.servlet.ModelAndView org.springframework.boot.autoconfigure.web.servlet.error.BasicErrorController.errorHtml(javax.servlet.http.HttpServletRequest,javax.servlet.http.HttpServletResponse)
Mapped URL path [/webjars/**] onto handler of type [class org.springframework.web.servlet.resource.ResourceHttpRequestHandler]
Mapped URL path [/**] onto handler of type [class org.springframework.web.servlet.resource.ResourceHttpRequestHandler]
Started OrderServiceImplTest in 3.879 seconds (JVM running for 4.772)
HHH000397: Using ASTQueryTranslatorFactory
Order Paid Result = OrderDTO(orderId=1525422207149507756, buyerName=WG, buyerPhone=17979797979, buyerAddress=JSWX, buyerOpenid=wxoid797979, orderAmount=378.00, orderStatus=0, payStatus=1, createTime=2018-05-04 16:23:27.0, updateTime=2018-05-08 14:56:09.0, orderDetailList=[OrderDetail(detailId=1525422207200225277, orderId=1525422207149507756, productId=223a456b789g, productName=PN09, productPrice=189.00, productQuantity=2, productIcon=https://cdn.pixabay.com/photo/2018/01/21/01/46/architecture-3095716_960_720.jpg, createTime=2018-05-04 16:23:27.0, updateTime=2018-05-04 16:23:27.0)])
Closing org.springframework.web.context.support.GenericWebApplicationContext@72ade7e3: startup date [Tue May 08 15:02:49 CST 2018]; root of context hierarchy
Closing JPA EntityManagerFactory for persistence unit 'default'
HikariPool-1 - Shutdown initiated...
HikariPool-1 - Shutdown completed.
Starting OrderServiceImplTest on Mongo with PID 12948 (started by Mongo in D:\JavaProjects\WXOrderDemo)
No active profile set, falling back to default profiles: default
Refreshing org.springframework.web.context.support.GenericWebApplicationContext@72ade7e3: startup date [Tue May 08 15:03:00 CST 2018]; root of context hierarchy
Bean 'org.springframework.transaction.annotation.ProxyTransactionManagementConfiguration' of type [org.springframework.transaction.annotation.ProxyTransactionManagementConfiguration$$EnhancerBySpringCGLIB$$d8dda5e0] is not eligible for getting processed by all BeanPostProcessors (for example: not eligible for auto-proxying)
HikariPool-1 - Starting...
HikariPool-1 - Start completed.
Building JPA container EntityManagerFactory for persistence unit 'default'
HHH000204: Processing PersistenceUnitInfo [
	name: default
	...]
HHH000412: Hibernate Core {5.2.16.Final}
HHH000206: hibernate.properties not found
HCANN000001: Hibernate Commons Annotations {5.0.1.Final}
HHH000400: Using dialect: org.hibernate.dialect.MySQL5Dialect
Initialized JPA EntityManagerFactory for persistence unit 'default'
Mapped URL path [/**/favicon.ico] onto handler of type [class org.springframework.web.servlet.resource.ResourceHttpRequestHandler]
Looking for @ControllerAdvice: org.springframework.web.context.support.GenericWebApplicationContext@72ade7e3: startup date [Tue May 08 15:03:00 CST 2018]; root of context hierarchy
spring.jpa.open-in-view is enabled by default. Therefore, database queries may be performed during view rendering. Explicitly configure spring.jpa.open-in-view to disable this warning
Mapped "{[/buyer/product/list],methods=[GET]}" onto public cn.mongode.wxorder.VO.ResultVO cn.mongode.wxorder.controller.BuyerProductController.list()
Mapped "{[/error]}" onto public org.springframework.http.ResponseEntity<java.util.Map<java.lang.String, java.lang.Object>> org.springframework.boot.autoconfigure.web.servlet.error.BasicErrorController.error(javax.servlet.http.HttpServletRequest)
Mapped "{[/error],produces=[text/html]}" onto public org.springframework.web.servlet.ModelAndView org.springframework.boot.autoconfigure.web.servlet.error.BasicErrorController.errorHtml(javax.servlet.http.HttpServletRequest,javax.servlet.http.HttpServletResponse)
Mapped URL path [/webjars/**] onto handler of type [class org.springframework.web.servlet.resource.ResourceHttpRequestHandler]
Mapped URL path [/**] onto handler of type [class org.springframework.web.servlet.resource.ResourceHttpRequestHandler]
Started OrderServiceImplTest in 3.877 seconds (JVM running for 4.745)
HHH000397: Using ASTQueryTranslatorFactory
Order Finish Result = OrderDTO(orderId=1525422207149507756, buyerName=WG, buyerPhone=17979797979, buyerAddress=JSWX, buyerOpenid=wxoid797979, orderAmount=378.00, orderStatus=1, payStatus=1, createTime=2018-05-04 16:23:27.0, updateTime=2018-05-08 14:56:09.0, orderDetailList=[OrderDetail(detailId=1525422207200225277, orderId=1525422207149507756, productId=223a456b789g, productName=PN09, productPrice=189.00, productQuantity=2, productIcon=https://cdn.pixabay.com/photo/2018/01/21/01/46/architecture-3095716_960_720.jpg, createTime=2018-05-04 16:23:27.0, updateTime=2018-05-04 16:23:27.0)])
Closing org.springframework.web.context.support.GenericWebApplicationContext@72ade7e3: startup date [Tue May 08 15:03:00 CST 2018]; root of context hierarchy
Closing JPA EntityManagerFactory for persistence unit 'default'
HikariPool-1 - Shutdown initiated...
HikariPool-1 - Shutdown completed.
Starting OrderServiceImplTest on Mongo with PID 16000 (started by Mongo in D:\JavaProjects\WXOrderDemo)
No active profile set, falling back to default profiles: default
Refreshing org.springframework.web.context.support.GenericWebApplicationContext@72ef8d15: startup date [Tue May 08 15:11:10 CST 2018]; root of context hierarchy
Bean 'org.springframework.transaction.annotation.ProxyTransactionManagementConfiguration' of type [org.springframework.transaction.annotation.ProxyTransactionManagementConfiguration$$EnhancerBySpringCGLIB$$ae0bf703] is not eligible for getting processed by all BeanPostProcessors (for example: not eligible for auto-proxying)
HikariPool-1 - Starting...
HikariPool-1 - Start completed.
Building JPA container EntityManagerFactory for persistence unit 'default'
HHH000204: Processing PersistenceUnitInfo [
	name: default
	...]
HHH000412: Hibernate Core {5.2.16.Final}
HHH000206: hibernate.properties not found
HCANN000001: Hibernate Commons Annotations {5.0.1.Final}
HHH000400: Using dialect: org.hibernate.dialect.MySQL5Dialect
Initialized JPA EntityManagerFactory for persistence unit 'default'
Mapped URL path [/**/favicon.ico] onto handler of type [class org.springframework.web.servlet.resource.ResourceHttpRequestHandler]
Looking for @ControllerAdvice: org.springframework.web.context.support.GenericWebApplicationContext@72ef8d15: startup date [Tue May 08 15:11:10 CST 2018]; root of context hierarchy
spring.jpa.open-in-view is enabled by default. Therefore, database queries may be performed during view rendering. Explicitly configure spring.jpa.open-in-view to disable this warning
Mapped "{[/buyer/product/list],methods=[GET]}" onto public cn.mongode.wxorder.VO.ResultVO cn.mongode.wxorder.controller.BuyerProductController.list()
Mapped "{[/error]}" onto public org.springframework.http.ResponseEntity<java.util.Map<java.lang.String, java.lang.Object>> org.springframework.boot.autoconfigure.web.servlet.error.BasicErrorController.error(javax.servlet.http.HttpServletRequest)
Mapped "{[/error],produces=[text/html]}" onto public org.springframework.web.servlet.ModelAndView org.springframework.boot.autoconfigure.web.servlet.error.BasicErrorController.errorHtml(javax.servlet.http.HttpServletRequest,javax.servlet.http.HttpServletResponse)
Mapped URL path [/webjars/**] onto handler of type [class org.springframework.web.servlet.resource.ResourceHttpRequestHandler]
Mapped URL path [/**] onto handler of type [class org.springframework.web.servlet.resource.ResourceHttpRequestHandler]
Started OrderServiceImplTest in 3.855 seconds (JVM running for 4.67)
HHH000397: Using ASTQueryTranslatorFactory
Order Cancel Result = OrderDTO(orderId=1525422207149507756, buyerName=WG, buyerPhone=17979797979, buyerAddress=JSWX, buyerOpenid=wxoid797979, orderAmount=378.00, orderStatus=0, payStatus=0, createTime=2018-05-04 16:23:27.0, updateTime=2018-05-08 15:03:14.0, orderDetailList=[OrderDetail(detailId=1525422207200225277, orderId=1525422207149507756, productId=223a456b789g, productName=PN09, productPrice=189.00, productQuantity=2, productIcon=https://cdn.pixabay.com/photo/2018/01/21/01/46/architecture-3095716_960_720.jpg, createTime=2018-05-04 16:23:27.0, updateTime=2018-05-04 16:23:27.0)])
Closing org.springframework.web.context.support.GenericWebApplicationContext@72ef8d15: startup date [Tue May 08 15:11:10 CST 2018]; root of context hierarchy
Closing JPA EntityManagerFactory for persistence unit 'default'
HikariPool-1 - Shutdown initiated...
HikariPool-1 - Shutdown completed.
Starting OrderServiceImplTest on Mongo with PID 11972 (started by Mongo in D:\JavaProjects\WXOrderDemo)
No active profile set, falling back to default profiles: default
Refreshing org.springframework.web.context.support.GenericWebApplicationContext@72ef8d15: startup date [Tue May 08 15:17:27 CST 2018]; root of context hierarchy
Bean 'org.springframework.transaction.annotation.ProxyTransactionManagementConfiguration' of type [org.springframework.transaction.annotation.ProxyTransactionManagementConfiguration$$EnhancerBySpringCGLIB$$ae0bf703] is not eligible for getting processed by all BeanPostProcessors (for example: not eligible for auto-proxying)
HikariPool-1 - Starting...
HikariPool-1 - Start completed.
Building JPA container EntityManagerFactory for persistence unit 'default'
HHH000204: Processing PersistenceUnitInfo [
	name: default
	...]
HHH000412: Hibernate Core {5.2.16.Final}
HHH000206: hibernate.properties not found
HCANN000001: Hibernate Commons Annotations {5.0.1.Final}
HHH000400: Using dialect: org.hibernate.dialect.MySQL5Dialect
Initialized JPA EntityManagerFactory for persistence unit 'default'
Mapped URL path [/**/favicon.ico] onto handler of type [class org.springframework.web.servlet.resource.ResourceHttpRequestHandler]
Looking for @ControllerAdvice: org.springframework.web.context.support.GenericWebApplicationContext@72ef8d15: startup date [Tue May 08 15:17:27 CST 2018]; root of context hierarchy
spring.jpa.open-in-view is enabled by default. Therefore, database queries may be performed during view rendering. Explicitly configure spring.jpa.open-in-view to disable this warning
Mapped "{[/buyer/product/list],methods=[GET]}" onto public cn.mongode.wxorder.VO.ResultVO cn.mongode.wxorder.controller.BuyerProductController.list()
Mapped "{[/error]}" onto public org.springframework.http.ResponseEntity<java.util.Map<java.lang.String, java.lang.Object>> org.springframework.boot.autoconfigure.web.servlet.error.BasicErrorController.error(javax.servlet.http.HttpServletRequest)
Mapped "{[/error],produces=[text/html]}" onto public org.springframework.web.servlet.ModelAndView org.springframework.boot.autoconfigure.web.servlet.error.BasicErrorController.errorHtml(javax.servlet.http.HttpServletRequest,javax.servlet.http.HttpServletResponse)
Mapped URL path [/webjars/**] onto handler of type [class org.springframework.web.servlet.resource.ResourceHttpRequestHandler]
Mapped URL path [/**] onto handler of type [class org.springframework.web.servlet.resource.ResourceHttpRequestHandler]
Started OrderServiceImplTest in 3.844 seconds (JVM running for 4.691)
HHH000397: Using ASTQueryTranslatorFactory
Order Cancel Result = OrderDTO(orderId=1525422207149507756, buyerName=WG, buyerPhone=17979797979, buyerAddress=JSWX, buyerOpenid=wxoid797979, orderAmount=378.00, orderStatus=2, payStatus=0, createTime=2018-05-04 16:23:27.0, updateTime=2018-05-08 15:15:12.0, orderDetailList=[OrderDetail(detailId=1525422207200225277, orderId=1525422207149507756, productId=223a456b789g, productName=PN09, productPrice=189.00, productQuantity=2, productIcon=https://cdn.pixabay.com/photo/2018/01/21/01/46/architecture-3095716_960_720.jpg, createTime=2018-05-04 16:23:27.0, updateTime=2018-05-04 16:23:27.0)])
Closing org.springframework.web.context.support.GenericWebApplicationContext@72ef8d15: startup date [Tue May 08 15:17:27 CST 2018]; root of context hierarchy
Closing JPA EntityManagerFactory for persistence unit 'default'
HikariPool-1 - Shutdown initiated...
HikariPool-1 - Shutdown completed.
