Starting WxorderApplication on Mongo with PID 11996 (D:\JavaProjects\WXOrderDemo\target\classes started by Mongo in D:\JavaProjects\WXOrderDemo)
No active profile set, falling back to default profiles: default
Refreshing org.springframework.boot.web.servlet.context.AnnotationConfigServletWebServerApplicationContext@3c46e67a: startup date [Thu May 10 09:38:56 CST 2018]; root of context hierarchy
Bean 'org.springframework.transaction.annotation.ProxyTransactionManagementConfiguration' of type [org.springframework.transaction.annotation.ProxyTransactionManagementConfiguration$$EnhancerBySpringCGLIB$$2aec7ec7] is not eligible for getting processed by all BeanPostProcessors (for example: not eligible for auto-proxying)
Tomcat initialized with port(s): 9527 (http)
Initializing ProtocolHandler ["http-nio-127.0.0.1-9527"]
Starting service [Tomcat]
Starting Servlet Engine: Apache Tomcat/8.5.29
Loaded APR based Apache Tomcat Native library [1.2.16] using APR version [1.6.3].
APR capabilities: IPv6 [true], sendfile [true], accept filters [false], random [true].
APR/OpenSSL configuration: useAprConnector [false], useOpenSSL [true]
OpenSSL successfully initialized [OpenSSL 1.0.2m  2 Nov 2017]
Initializing Spring embedded WebApplicationContext
Root WebApplicationContext: initialization completed in 2225 ms
Servlet dispatcherServlet mapped to [/]
Mapping filter: 'characterEncodingFilter' to: [/*]
Mapping filter: 'hiddenHttpMethodFilter' to: [/*]
Mapping filter: 'httpPutFormContentFilter' to: [/*]
Mapping filter: 'requestContextFilter' to: [/*]
HikariPool-1 - Starting...
HikariPool-1 - Start completed.
Building JPA container EntityManagerFactory for persistence unit 'default'
HHH000204: Processing PersistenceUnitInfo [
	name: default
	...]
HHH000412: Hibernate Core {5.2.16.Final}
HHH000206: hibernate.properties not found
HCANN000001: Hibernate Commons Annotations {5.0.1.Final}
HHH000400: Using dialect: org.hibernate.dialect.MySQL5Dialect
Initialized JPA EntityManagerFactory for persistence unit 'default'
Mapped URL path [/**/favicon.ico] onto handler of type [class org.springframework.web.servlet.resource.ResourceHttpRequestHandler]
Looking for @ControllerAdvice: org.springframework.boot.web.servlet.context.AnnotationConfigServletWebServerApplicationContext@3c46e67a: startup date [Thu May 10 09:38:56 CST 2018]; root of context hierarchy
spring.jpa.open-in-view is enabled by default. Therefore, database queries may be performed during view rendering. Explicitly configure spring.jpa.open-in-view to disable this warning
Mapped "{[/buyer/order/create],methods=[POST]}" onto public cn.mongode.wxorder.VO.ResultVO<java.util.Map<java.lang.String, java.lang.String>> cn.mongode.wxorder.controller.BuyerOrderController.create(cn.mongode.wxorder.form.OrderForm,org.springframework.validation.BindingResult)
Mapped "{[/buyer/order/list],methods=[GET]}" onto public cn.mongode.wxorder.VO.ResultVO<java.util.List<cn.mongode.wxorder.dto.OrderDTO>> cn.mongode.wxorder.controller.BuyerOrderController.list(java.lang.String,java.lang.Integer,java.lang.Integer)
Mapped "{[/buyer/order/cancel],methods=[POST]}" onto public cn.mongode.wxorder.VO.ResultVO<cn.mongode.wxorder.dto.OrderDTO> cn.mongode.wxorder.controller.BuyerOrderController.cancel(java.lang.String) throws java.lang.Exception
Mapped "{[/buyer/order/detail],methods=[GET]}" onto public cn.mongode.wxorder.VO.ResultVO<cn.mongode.wxorder.dto.OrderDTO> cn.mongode.wxorder.controller.BuyerOrderController.detail(java.lang.String) throws java.lang.Exception
Mapped "{[/buyer/product/list],methods=[GET]}" onto public cn.mongode.wxorder.VO.ResultVO cn.mongode.wxorder.controller.BuyerProductController.list()
Mapped "{[/error]}" onto public org.springframework.http.ResponseEntity<java.util.Map<java.lang.String, java.lang.Object>> org.springframework.boot.autoconfigure.web.servlet.error.BasicErrorController.error(javax.servlet.http.HttpServletRequest)
Mapped "{[/error],produces=[text/html]}" onto public org.springframework.web.servlet.ModelAndView org.springframework.boot.autoconfigure.web.servlet.error.BasicErrorController.errorHtml(javax.servlet.http.HttpServletRequest,javax.servlet.http.HttpServletResponse)
Mapped URL path [/webjars/**] onto handler of type [class org.springframework.web.servlet.resource.ResourceHttpRequestHandler]
Mapped URL path [/**] onto handler of type [class org.springframework.web.servlet.resource.ResourceHttpRequestHandler]
Registering beans for JMX exposure on startup
Bean with name 'dataSource' has been autodetected for JMX exposure
Located MBean 'dataSource': registering with JMX server as MBean [com.zaxxer.hikari:name=dataSource,type=HikariDataSource]
Starting ProtocolHandler ["http-nio-127.0.0.1-9527"]
Using a shared selector for servlet write/read
Tomcat started on port(s): 9527 (http) with context path '/wxorder'
Started WxorderApplication in 4.63 seconds (JVM running for 5.686)
Initializing Spring FrameworkServlet 'dispatcherServlet'
FrameworkServlet 'dispatcherServlet': initialization started
FrameworkServlet 'dispatcherServlet': initialization completed in 12 ms
HHH000397: Using ASTQueryTranslatorFactory
Starting WxorderApplication on Mongo with PID 13620 (D:\JavaProjects\WXOrderDemo\target\classes started by Mongo in D:\JavaProjects\WXOrderDemo)
No active profile set, falling back to default profiles: default
Refreshing org.springframework.boot.web.servlet.context.AnnotationConfigServletWebServerApplicationContext@c730b35: startup date [Thu May 10 09:42:09 CST 2018]; root of context hierarchy
Bean 'org.springframework.transaction.annotation.ProxyTransactionManagementConfiguration' of type [org.springframework.transaction.annotation.ProxyTransactionManagementConfiguration$$EnhancerBySpringCGLIB$$2aec7ec7] is not eligible for getting processed by all BeanPostProcessors (for example: not eligible for auto-proxying)
Tomcat initialized with port(s): 9527 (http)
Initializing ProtocolHandler ["http-nio-127.0.0.1-9527"]
Starting service [Tomcat]
Starting Servlet Engine: Apache Tomcat/8.5.29
Loaded APR based Apache Tomcat Native library [1.2.16] using APR version [1.6.3].
APR capabilities: IPv6 [true], sendfile [true], accept filters [false], random [true].
APR/OpenSSL configuration: useAprConnector [false], useOpenSSL [true]
OpenSSL successfully initialized [OpenSSL 1.0.2m  2 Nov 2017]
Initializing Spring embedded WebApplicationContext
Root WebApplicationContext: initialization completed in 2072 ms
Servlet dispatcherServlet mapped to [/]
Mapping filter: 'characterEncodingFilter' to: [/*]
Mapping filter: 'hiddenHttpMethodFilter' to: [/*]
Mapping filter: 'httpPutFormContentFilter' to: [/*]
Mapping filter: 'requestContextFilter' to: [/*]
HikariPool-1 - Starting...
HikariPool-1 - Start completed.
Building JPA container EntityManagerFactory for persistence unit 'default'
HHH000204: Processing PersistenceUnitInfo [
	name: default
	...]
HHH000412: Hibernate Core {5.2.16.Final}
HHH000206: hibernate.properties not found
HCANN000001: Hibernate Commons Annotations {5.0.1.Final}
HHH000400: Using dialect: org.hibernate.dialect.MySQL5Dialect
Initialized JPA EntityManagerFactory for persistence unit 'default'
Mapped URL path [/**/favicon.ico] onto handler of type [class org.springframework.web.servlet.resource.ResourceHttpRequestHandler]
Looking for @ControllerAdvice: org.springframework.boot.web.servlet.context.AnnotationConfigServletWebServerApplicationContext@c730b35: startup date [Thu May 10 09:42:09 CST 2018]; root of context hierarchy
spring.jpa.open-in-view is enabled by default. Therefore, database queries may be performed during view rendering. Explicitly configure spring.jpa.open-in-view to disable this warning
Mapped "{[/buyer/order/create],methods=[POST]}" onto public cn.mongode.wxorder.VO.ResultVO<java.util.Map<java.lang.String, java.lang.String>> cn.mongode.wxorder.controller.BuyerOrderController.create(cn.mongode.wxorder.form.OrderForm,org.springframework.validation.BindingResult)
Mapped "{[/buyer/order/list],methods=[GET]}" onto public cn.mongode.wxorder.VO.ResultVO<java.util.List<cn.mongode.wxorder.dto.OrderDTO>> cn.mongode.wxorder.controller.BuyerOrderController.list(java.lang.String,java.lang.Integer,java.lang.Integer)
Mapped "{[/buyer/order/detail],methods=[GET]}" onto public cn.mongode.wxorder.VO.ResultVO<cn.mongode.wxorder.dto.OrderDTO> cn.mongode.wxorder.controller.BuyerOrderController.detail(java.lang.String) throws java.lang.Exception
Mapped "{[/buyer/order/cancel],methods=[POST]}" onto public cn.mongode.wxorder.VO.ResultVO<cn.mongode.wxorder.dto.OrderDTO> cn.mongode.wxorder.controller.BuyerOrderController.cancel(java.lang.String) throws java.lang.Exception
Mapped "{[/buyer/product/list],methods=[GET]}" onto public cn.mongode.wxorder.VO.ResultVO cn.mongode.wxorder.controller.BuyerProductController.list()
Mapped "{[/error]}" onto public org.springframework.http.ResponseEntity<java.util.Map<java.lang.String, java.lang.Object>> org.springframework.boot.autoconfigure.web.servlet.error.BasicErrorController.error(javax.servlet.http.HttpServletRequest)
Mapped "{[/error],produces=[text/html]}" onto public org.springframework.web.servlet.ModelAndView org.springframework.boot.autoconfigure.web.servlet.error.BasicErrorController.errorHtml(javax.servlet.http.HttpServletRequest,javax.servlet.http.HttpServletResponse)
Mapped URL path [/webjars/**] onto handler of type [class org.springframework.web.servlet.resource.ResourceHttpRequestHandler]
Mapped URL path [/**] onto handler of type [class org.springframework.web.servlet.resource.ResourceHttpRequestHandler]
Registering beans for JMX exposure on startup
Bean with name 'dataSource' has been autodetected for JMX exposure
Located MBean 'dataSource': registering with JMX server as MBean [com.zaxxer.hikari:name=dataSource,type=HikariDataSource]
Starting ProtocolHandler ["http-nio-127.0.0.1-9527"]
Using a shared selector for servlet write/read
Tomcat started on port(s): 9527 (http) with context path '/wxorder'
Started WxorderApplication in 3.987 seconds (JVM running for 4.534)
Initializing Spring FrameworkServlet 'dispatcherServlet'
FrameworkServlet 'dispatcherServlet': initialization started
FrameworkServlet 'dispatcherServlet': initialization completed in 10 ms
HHH000397: Using ASTQueryTranslatorFactory
Starting WxorderApplication on Mongo with PID 5584 (D:\JavaProjects\WXOrderDemo\target\classes started by Mongo in D:\JavaProjects\WXOrderDemo)
No active profile set, falling back to default profiles: default
Refreshing org.springframework.boot.web.servlet.context.AnnotationConfigServletWebServerApplicationContext@3c46e67a: startup date [Thu May 10 10:00:49 CST 2018]; root of context hierarchy
Bean 'org.springframework.transaction.annotation.ProxyTransactionManagementConfiguration' of type [org.springframework.transaction.annotation.ProxyTransactionManagementConfiguration$$EnhancerBySpringCGLIB$$b66eb3f4] is not eligible for getting processed by all BeanPostProcessors (for example: not eligible for auto-proxying)
Tomcat initialized with port(s): 9527 (http)
Initializing ProtocolHandler ["http-nio-127.0.0.1-9527"]
Starting service [Tomcat]
Starting Servlet Engine: Apache Tomcat/8.5.29
Loaded APR based Apache Tomcat Native library [1.2.16] using APR version [1.6.3].
APR capabilities: IPv6 [true], sendfile [true], accept filters [false], random [true].
APR/OpenSSL configuration: useAprConnector [false], useOpenSSL [true]
OpenSSL successfully initialized [OpenSSL 1.0.2m  2 Nov 2017]
Initializing Spring embedded WebApplicationContext
Root WebApplicationContext: initialization completed in 2013 ms
Servlet dispatcherServlet mapped to [/]
Mapping filter: 'characterEncodingFilter' to: [/*]
Mapping filter: 'hiddenHttpMethodFilter' to: [/*]
Mapping filter: 'httpPutFormContentFilter' to: [/*]
Mapping filter: 'requestContextFilter' to: [/*]
HikariPool-1 - Starting...
HikariPool-1 - Start completed.
Building JPA container EntityManagerFactory for persistence unit 'default'
HHH000204: Processing PersistenceUnitInfo [
	name: default
	...]
HHH000412: Hibernate Core {5.2.16.Final}
HHH000206: hibernate.properties not found
HCANN000001: Hibernate Commons Annotations {5.0.1.Final}
HHH000400: Using dialect: org.hibernate.dialect.MySQL5Dialect
Initialized JPA EntityManagerFactory for persistence unit 'default'
Mapped URL path [/**/favicon.ico] onto handler of type [class org.springframework.web.servlet.resource.ResourceHttpRequestHandler]
Looking for @ControllerAdvice: org.springframework.boot.web.servlet.context.AnnotationConfigServletWebServerApplicationContext@3c46e67a: startup date [Thu May 10 10:00:49 CST 2018]; root of context hierarchy
spring.jpa.open-in-view is enabled by default. Therefore, database queries may be performed during view rendering. Explicitly configure spring.jpa.open-in-view to disable this warning
Mapped "{[/buyer/order/create],methods=[POST]}" onto public cn.mongode.wxorder.VO.ResultVO<java.util.Map<java.lang.String, java.lang.String>> cn.mongode.wxorder.controller.BuyerOrderController.create(cn.mongode.wxorder.form.OrderForm,org.springframework.validation.BindingResult)
Mapped "{[/buyer/order/list],methods=[GET]}" onto public cn.mongode.wxorder.VO.ResultVO<java.util.List<cn.mongode.wxorder.dto.OrderDTO>> cn.mongode.wxorder.controller.BuyerOrderController.list(java.lang.String,java.lang.Integer,java.lang.Integer)
Mapped "{[/buyer/order/cancel],methods=[POST]}" onto public cn.mongode.wxorder.VO.ResultVO<cn.mongode.wxorder.dto.OrderDTO> cn.mongode.wxorder.controller.BuyerOrderController.cancel(java.lang.String) throws java.lang.Exception
Mapped "{[/buyer/order/detail],methods=[GET]}" onto public cn.mongode.wxorder.VO.ResultVO<cn.mongode.wxorder.dto.OrderDTO> cn.mongode.wxorder.controller.BuyerOrderController.detail(java.lang.String) throws java.lang.Exception
Mapped "{[/buyer/product/list],methods=[GET]}" onto public cn.mongode.wxorder.VO.ResultVO cn.mongode.wxorder.controller.BuyerProductController.list()
Mapped "{[/error]}" onto public org.springframework.http.ResponseEntity<java.util.Map<java.lang.String, java.lang.Object>> org.springframework.boot.autoconfigure.web.servlet.error.BasicErrorController.error(javax.servlet.http.HttpServletRequest)
Mapped "{[/error],produces=[text/html]}" onto public org.springframework.web.servlet.ModelAndView org.springframework.boot.autoconfigure.web.servlet.error.BasicErrorController.errorHtml(javax.servlet.http.HttpServletRequest,javax.servlet.http.HttpServletResponse)
Mapped URL path [/webjars/**] onto handler of type [class org.springframework.web.servlet.resource.ResourceHttpRequestHandler]
Mapped URL path [/**] onto handler of type [class org.springframework.web.servlet.resource.ResourceHttpRequestHandler]
Registering beans for JMX exposure on startup
Bean with name 'dataSource' has been autodetected for JMX exposure
Located MBean 'dataSource': registering with JMX server as MBean [com.zaxxer.hikari:name=dataSource,type=HikariDataSource]
Starting ProtocolHandler ["http-nio-127.0.0.1-9527"]
Using a shared selector for servlet write/read
Tomcat started on port(s): 9527 (http) with context path '/wxorder'
Started WxorderApplication in 3.914 seconds (JVM running for 4.48)
Initializing Spring FrameworkServlet 'dispatcherServlet'
FrameworkServlet 'dispatcherServlet': initialization started
FrameworkServlet 'dispatcherServlet': initialization completed in 11 ms
HHH000397: Using ASTQueryTranslatorFactory
Starting WxorderApplication on Mongo with PID 2936 (D:\JavaProjects\WXOrderDemo\target\classes started by Mongo in D:\JavaProjects\WXOrderDemo)
No active profile set, falling back to default profiles: default
Refreshing org.springframework.boot.web.servlet.context.AnnotationConfigServletWebServerApplicationContext@3c46e67a: startup date [Thu May 10 10:03:13 CST 2018]; root of context hierarchy
Bean 'org.springframework.transaction.annotation.ProxyTransactionManagementConfiguration' of type [org.springframework.transaction.annotation.ProxyTransactionManagementConfiguration$$EnhancerBySpringCGLIB$$b4c06399] is not eligible for getting processed by all BeanPostProcessors (for example: not eligible for auto-proxying)
Tomcat initialized with port(s): 9527 (http)
Initializing ProtocolHandler ["http-nio-127.0.0.1-9527"]
Starting service [Tomcat]
Starting Servlet Engine: Apache Tomcat/8.5.29
Loaded APR based Apache Tomcat Native library [1.2.16] using APR version [1.6.3].
APR capabilities: IPv6 [true], sendfile [true], accept filters [false], random [true].
APR/OpenSSL configuration: useAprConnector [false], useOpenSSL [true]
OpenSSL successfully initialized [OpenSSL 1.0.2m  2 Nov 2017]
Initializing Spring embedded WebApplicationContext
Root WebApplicationContext: initialization completed in 2039 ms
Servlet dispatcherServlet mapped to [/]
Mapping filter: 'characterEncodingFilter' to: [/*]
Mapping filter: 'hiddenHttpMethodFilter' to: [/*]
Mapping filter: 'httpPutFormContentFilter' to: [/*]
Mapping filter: 'requestContextFilter' to: [/*]
HikariPool-1 - Starting...
HikariPool-1 - Start completed.
Building JPA container EntityManagerFactory for persistence unit 'default'
HHH000204: Processing PersistenceUnitInfo [
	name: default
	...]
HHH000412: Hibernate Core {5.2.16.Final}
HHH000206: hibernate.properties not found
HCANN000001: Hibernate Commons Annotations {5.0.1.Final}
HHH000400: Using dialect: org.hibernate.dialect.MySQL5Dialect
Initialized JPA EntityManagerFactory for persistence unit 'default'
Mapped URL path [/**/favicon.ico] onto handler of type [class org.springframework.web.servlet.resource.ResourceHttpRequestHandler]
Looking for @ControllerAdvice: org.springframework.boot.web.servlet.context.AnnotationConfigServletWebServerApplicationContext@3c46e67a: startup date [Thu May 10 10:03:13 CST 2018]; root of context hierarchy
spring.jpa.open-in-view is enabled by default. Therefore, database queries may be performed during view rendering. Explicitly configure spring.jpa.open-in-view to disable this warning
Mapped "{[/buyer/order/create],methods=[POST]}" onto public cn.mongode.wxorder.VO.ResultVO<java.util.Map<java.lang.String, java.lang.String>> cn.mongode.wxorder.controller.BuyerOrderController.create(cn.mongode.wxorder.form.OrderForm,org.springframework.validation.BindingResult)
Mapped "{[/buyer/order/list],methods=[GET]}" onto public cn.mongode.wxorder.VO.ResultVO<java.util.List<cn.mongode.wxorder.dto.OrderDTO>> cn.mongode.wxorder.controller.BuyerOrderController.list(java.lang.String,java.lang.Integer,java.lang.Integer)
Mapped "{[/buyer/order/cancel],methods=[POST]}" onto public cn.mongode.wxorder.VO.ResultVO<cn.mongode.wxorder.dto.OrderDTO> cn.mongode.wxorder.controller.BuyerOrderController.cancel(java.lang.String) throws java.lang.Exception
Mapped "{[/buyer/order/detail],methods=[GET]}" onto public cn.mongode.wxorder.VO.ResultVO<cn.mongode.wxorder.dto.OrderDTO> cn.mongode.wxorder.controller.BuyerOrderController.detail(java.lang.String) throws java.lang.Exception
Mapped "{[/buyer/product/list],methods=[GET]}" onto public cn.mongode.wxorder.VO.ResultVO cn.mongode.wxorder.controller.BuyerProductController.list()
Mapped "{[/error]}" onto public org.springframework.http.ResponseEntity<java.util.Map<java.lang.String, java.lang.Object>> org.springframework.boot.autoconfigure.web.servlet.error.BasicErrorController.error(javax.servlet.http.HttpServletRequest)
Mapped "{[/error],produces=[text/html]}" onto public org.springframework.web.servlet.ModelAndView org.springframework.boot.autoconfigure.web.servlet.error.BasicErrorController.errorHtml(javax.servlet.http.HttpServletRequest,javax.servlet.http.HttpServletResponse)
Mapped URL path [/webjars/**] onto handler of type [class org.springframework.web.servlet.resource.ResourceHttpRequestHandler]
Mapped URL path [/**] onto handler of type [class org.springframework.web.servlet.resource.ResourceHttpRequestHandler]
Registering beans for JMX exposure on startup
Bean with name 'dataSource' has been autodetected for JMX exposure
Located MBean 'dataSource': registering with JMX server as MBean [com.zaxxer.hikari:name=dataSource,type=HikariDataSource]
Starting ProtocolHandler ["http-nio-127.0.0.1-9527"]
Using a shared selector for servlet write/read
Tomcat started on port(s): 9527 (http) with context path '/wxorder'
Started WxorderApplication in 3.942 seconds (JVM running for 4.506)
Initializing Spring FrameworkServlet 'dispatcherServlet'
FrameworkServlet 'dispatcherServlet': initialization started
FrameworkServlet 'dispatcherServlet': initialization completed in 11 ms
HHH000397: Using ASTQueryTranslatorFactory
Starting WxorderApplication on Mongo with PID 8980 (D:\JavaProjects\WXOrderDemo\target\classes started by Mongo in D:\JavaProjects\WXOrderDemo)
No active profile set, falling back to default profiles: default
Refreshing org.springframework.boot.web.servlet.context.AnnotationConfigServletWebServerApplicationContext@22555ebf: startup date [Thu May 10 10:09:29 CST 2018]; root of context hierarchy
Bean 'org.springframework.transaction.annotation.ProxyTransactionManagementConfiguration' of type [org.springframework.transaction.annotation.ProxyTransactionManagementConfiguration$$EnhancerBySpringCGLIB$$82ffe3a4] is not eligible for getting processed by all BeanPostProcessors (for example: not eligible for auto-proxying)
Tomcat initialized with port(s): 9527 (http)
Initializing ProtocolHandler ["http-nio-127.0.0.1-9527"]
Starting service [Tomcat]
Starting Servlet Engine: Apache Tomcat/8.5.29
Loaded APR based Apache Tomcat Native library [1.2.16] using APR version [1.6.3].
APR capabilities: IPv6 [true], sendfile [true], accept filters [false], random [true].
APR/OpenSSL configuration: useAprConnector [false], useOpenSSL [true]
OpenSSL successfully initialized [OpenSSL 1.0.2m  2 Nov 2017]
Initializing Spring embedded WebApplicationContext
Root WebApplicationContext: initialization completed in 2062 ms
Servlet dispatcherServlet mapped to [/]
Mapping filter: 'characterEncodingFilter' to: [/*]
Mapping filter: 'hiddenHttpMethodFilter' to: [/*]
Mapping filter: 'httpPutFormContentFilter' to: [/*]
Mapping filter: 'requestContextFilter' to: [/*]
HikariPool-1 - Starting...
HikariPool-1 - Start completed.
Building JPA container EntityManagerFactory for persistence unit 'default'
HHH000204: Processing PersistenceUnitInfo [
	name: default
	...]
HHH000412: Hibernate Core {5.2.16.Final}
HHH000206: hibernate.properties not found
HCANN000001: Hibernate Commons Annotations {5.0.1.Final}
HHH000400: Using dialect: org.hibernate.dialect.MySQL5Dialect
Initialized JPA EntityManagerFactory for persistence unit 'default'
Mapped URL path [/**/favicon.ico] onto handler of type [class org.springframework.web.servlet.resource.ResourceHttpRequestHandler]
Looking for @ControllerAdvice: org.springframework.boot.web.servlet.context.AnnotationConfigServletWebServerApplicationContext@22555ebf: startup date [Thu May 10 10:09:29 CST 2018]; root of context hierarchy
spring.jpa.open-in-view is enabled by default. Therefore, database queries may be performed during view rendering. Explicitly configure spring.jpa.open-in-view to disable this warning
Mapped "{[/buyer/order/create],methods=[POST]}" onto public cn.mongode.wxorder.VO.ResultVO<java.util.Map<java.lang.String, java.lang.String>> cn.mongode.wxorder.controller.BuyerOrderController.create(cn.mongode.wxorder.form.OrderForm,org.springframework.validation.BindingResult)
Mapped "{[/buyer/order/list],methods=[GET]}" onto public cn.mongode.wxorder.VO.ResultVO<java.util.List<cn.mongode.wxorder.dto.OrderDTO>> cn.mongode.wxorder.controller.BuyerOrderController.list(java.lang.String,java.lang.Integer,java.lang.Integer)
Mapped "{[/buyer/order/detail],methods=[GET]}" onto public cn.mongode.wxorder.VO.ResultVO<cn.mongode.wxorder.dto.OrderDTO> cn.mongode.wxorder.controller.BuyerOrderController.detail(java.lang.String) throws java.lang.Exception
Mapped "{[/buyer/order/cancel],methods=[POST]}" onto public cn.mongode.wxorder.VO.ResultVO<cn.mongode.wxorder.dto.OrderDTO> cn.mongode.wxorder.controller.BuyerOrderController.cancel(java.lang.String) throws java.lang.Exception
Mapped "{[/buyer/product/list],methods=[GET]}" onto public cn.mongode.wxorder.VO.ResultVO cn.mongode.wxorder.controller.BuyerProductController.list()
Mapped "{[/error]}" onto public org.springframework.http.ResponseEntity<java.util.Map<java.lang.String, java.lang.Object>> org.springframework.boot.autoconfigure.web.servlet.error.BasicErrorController.error(javax.servlet.http.HttpServletRequest)
Mapped "{[/error],produces=[text/html]}" onto public org.springframework.web.servlet.ModelAndView org.springframework.boot.autoconfigure.web.servlet.error.BasicErrorController.errorHtml(javax.servlet.http.HttpServletRequest,javax.servlet.http.HttpServletResponse)
Mapped URL path [/webjars/**] onto handler of type [class org.springframework.web.servlet.resource.ResourceHttpRequestHandler]
Mapped URL path [/**] onto handler of type [class org.springframework.web.servlet.resource.ResourceHttpRequestHandler]
Registering beans for JMX exposure on startup
Bean with name 'dataSource' has been autodetected for JMX exposure
Located MBean 'dataSource': registering with JMX server as MBean [com.zaxxer.hikari:name=dataSource,type=HikariDataSource]
Starting ProtocolHandler ["http-nio-127.0.0.1-9527"]
Using a shared selector for servlet write/read
Tomcat started on port(s): 9527 (http) with context path '/wxorder'
Started WxorderApplication in 4.021 seconds (JVM running for 4.586)
Initializing Spring FrameworkServlet 'dispatcherServlet'
FrameworkServlet 'dispatcherServlet': initialization started
FrameworkServlet 'dispatcherServlet': initialization completed in 11 ms
HHH000397: Using ASTQueryTranslatorFactory
Starting WxorderApplication on Mongo with PID 9528 (D:\JavaProjects\WXOrderDemo\target\classes started by Mongo in D:\JavaProjects\WXOrderDemo)
No active profile set, falling back to default profiles: default
Refreshing org.springframework.boot.web.servlet.context.AnnotationConfigServletWebServerApplicationContext@22555ebf: startup date [Thu May 10 10:10:40 CST 2018]; root of context hierarchy
Bean 'org.springframework.transaction.annotation.ProxyTransactionManagementConfiguration' of type [org.springframework.transaction.annotation.ProxyTransactionManagementConfiguration$$EnhancerBySpringCGLIB$$82ffe3a4] is not eligible for getting processed by all BeanPostProcessors (for example: not eligible for auto-proxying)
Tomcat initialized with port(s): 9527 (http)
Initializing ProtocolHandler ["http-nio-127.0.0.1-9527"]
Starting service [Tomcat]
Starting Servlet Engine: Apache Tomcat/8.5.29
Loaded APR based Apache Tomcat Native library [1.2.16] using APR version [1.6.3].
APR capabilities: IPv6 [true], sendfile [true], accept filters [false], random [true].
APR/OpenSSL configuration: useAprConnector [false], useOpenSSL [true]
OpenSSL successfully initialized [OpenSSL 1.0.2m  2 Nov 2017]
Initializing Spring embedded WebApplicationContext
Root WebApplicationContext: initialization completed in 2062 ms
Servlet dispatcherServlet mapped to [/]
Mapping filter: 'characterEncodingFilter' to: [/*]
Mapping filter: 'hiddenHttpMethodFilter' to: [/*]
Mapping filter: 'httpPutFormContentFilter' to: [/*]
Mapping filter: 'requestContextFilter' to: [/*]
HikariPool-1 - Starting...
HikariPool-1 - Start completed.
Building JPA container EntityManagerFactory for persistence unit 'default'
HHH000204: Processing PersistenceUnitInfo [
	name: default
	...]
HHH000412: Hibernate Core {5.2.16.Final}
HHH000206: hibernate.properties not found
HCANN000001: Hibernate Commons Annotations {5.0.1.Final}
HHH000400: Using dialect: org.hibernate.dialect.MySQL5Dialect
Initialized JPA EntityManagerFactory for persistence unit 'default'
Mapped URL path [/**/favicon.ico] onto handler of type [class org.springframework.web.servlet.resource.ResourceHttpRequestHandler]
Looking for @ControllerAdvice: org.springframework.boot.web.servlet.context.AnnotationConfigServletWebServerApplicationContext@22555ebf: startup date [Thu May 10 10:10:40 CST 2018]; root of context hierarchy
spring.jpa.open-in-view is enabled by default. Therefore, database queries may be performed during view rendering. Explicitly configure spring.jpa.open-in-view to disable this warning
Mapped "{[/buyer/order/create],methods=[POST]}" onto public cn.mongode.wxorder.VO.ResultVO<java.util.Map<java.lang.String, java.lang.String>> cn.mongode.wxorder.controller.BuyerOrderController.create(cn.mongode.wxorder.form.OrderForm,org.springframework.validation.BindingResult)
Mapped "{[/buyer/order/list],methods=[GET]}" onto public cn.mongode.wxorder.VO.ResultVO<java.util.List<cn.mongode.wxorder.dto.OrderDTO>> cn.mongode.wxorder.controller.BuyerOrderController.list(java.lang.String,java.lang.Integer,java.lang.Integer)
Mapped "{[/buyer/order/cancel],methods=[POST]}" onto public cn.mongode.wxorder.VO.ResultVO<cn.mongode.wxorder.dto.OrderDTO> cn.mongode.wxorder.controller.BuyerOrderController.cancel(java.lang.String) throws java.lang.Exception
Mapped "{[/buyer/order/detail],methods=[GET]}" onto public cn.mongode.wxorder.VO.ResultVO<cn.mongode.wxorder.dto.OrderDTO> cn.mongode.wxorder.controller.BuyerOrderController.detail(java.lang.String) throws java.lang.Exception
Mapped "{[/buyer/product/list],methods=[GET]}" onto public cn.mongode.wxorder.VO.ResultVO cn.mongode.wxorder.controller.BuyerProductController.list()
Mapped "{[/error]}" onto public org.springframework.http.ResponseEntity<java.util.Map<java.lang.String, java.lang.Object>> org.springframework.boot.autoconfigure.web.servlet.error.BasicErrorController.error(javax.servlet.http.HttpServletRequest)
Mapped "{[/error],produces=[text/html]}" onto public org.springframework.web.servlet.ModelAndView org.springframework.boot.autoconfigure.web.servlet.error.BasicErrorController.errorHtml(javax.servlet.http.HttpServletRequest,javax.servlet.http.HttpServletResponse)
Mapped URL path [/webjars/**] onto handler of type [class org.springframework.web.servlet.resource.ResourceHttpRequestHandler]
Mapped URL path [/**] onto handler of type [class org.springframework.web.servlet.resource.ResourceHttpRequestHandler]
Registering beans for JMX exposure on startup
Bean with name 'dataSource' has been autodetected for JMX exposure
Located MBean 'dataSource': registering with JMX server as MBean [com.zaxxer.hikari:name=dataSource,type=HikariDataSource]
Starting ProtocolHandler ["http-nio-127.0.0.1-9527"]
Using a shared selector for servlet write/read
Tomcat started on port(s): 9527 (http) with context path '/wxorder'
Started WxorderApplication in 3.956 seconds (JVM running for 4.516)
Initializing Spring FrameworkServlet 'dispatcherServlet'
FrameworkServlet 'dispatcherServlet': initialization started
FrameworkServlet 'dispatcherServlet': initialization completed in 11 ms
HHH000397: Using ASTQueryTranslatorFactory
Starting WxorderApplication on Mongo with PID 5244 (D:\JavaProjects\WXOrderDemo\target\classes started by Mongo in D:\JavaProjects\WXOrderDemo)
No active profile set, falling back to default profiles: default
Refreshing org.springframework.boot.web.servlet.context.AnnotationConfigServletWebServerApplicationContext@22555ebf: startup date [Thu May 10 10:35:19 CST 2018]; root of context hierarchy
Bean 'org.springframework.transaction.annotation.ProxyTransactionManagementConfiguration' of type [org.springframework.transaction.annotation.ProxyTransactionManagementConfiguration$$EnhancerBySpringCGLIB$$82ffe3a4] is not eligible for getting processed by all BeanPostProcessors (for example: not eligible for auto-proxying)
Tomcat initialized with port(s): 9527 (http)
Initializing ProtocolHandler ["http-nio-127.0.0.1-9527"]
Starting service [Tomcat]
Starting Servlet Engine: Apache Tomcat/8.5.29
Loaded APR based Apache Tomcat Native library [1.2.16] using APR version [1.6.3].
APR capabilities: IPv6 [true], sendfile [true], accept filters [false], random [true].
APR/OpenSSL configuration: useAprConnector [false], useOpenSSL [true]
OpenSSL successfully initialized [OpenSSL 1.0.2m  2 Nov 2017]
Initializing Spring embedded WebApplicationContext
Root WebApplicationContext: initialization completed in 2047 ms
Servlet dispatcherServlet mapped to [/]
Mapping filter: 'characterEncodingFilter' to: [/*]
Mapping filter: 'hiddenHttpMethodFilter' to: [/*]
Mapping filter: 'httpPutFormContentFilter' to: [/*]
Mapping filter: 'requestContextFilter' to: [/*]
HikariPool-1 - Starting...
HikariPool-1 - Start completed.
Building JPA container EntityManagerFactory for persistence unit 'default'
HHH000204: Processing PersistenceUnitInfo [
	name: default
	...]
HHH000412: Hibernate Core {5.2.16.Final}
HHH000206: hibernate.properties not found
HCANN000001: Hibernate Commons Annotations {5.0.1.Final}
HHH000400: Using dialect: org.hibernate.dialect.MySQL5Dialect
Initialized JPA EntityManagerFactory for persistence unit 'default'
Mapped URL path [/**/favicon.ico] onto handler of type [class org.springframework.web.servlet.resource.ResourceHttpRequestHandler]
Looking for @ControllerAdvice: org.springframework.boot.web.servlet.context.AnnotationConfigServletWebServerApplicationContext@22555ebf: startup date [Thu May 10 10:35:19 CST 2018]; root of context hierarchy
spring.jpa.open-in-view is enabled by default. Therefore, database queries may be performed during view rendering. Explicitly configure spring.jpa.open-in-view to disable this warning
Mapped "{[/buyer/order/create],methods=[POST]}" onto public cn.mongode.wxorder.VO.ResultVO<java.util.Map<java.lang.String, java.lang.String>> cn.mongode.wxorder.controller.BuyerOrderController.create(cn.mongode.wxorder.form.OrderForm,org.springframework.validation.BindingResult)
Mapped "{[/buyer/order/list],methods=[GET]}" onto public cn.mongode.wxorder.VO.ResultVO<java.util.List<cn.mongode.wxorder.dto.OrderDTO>> cn.mongode.wxorder.controller.BuyerOrderController.list(java.lang.String,java.lang.Integer,java.lang.Integer)
Mapped "{[/buyer/order/detail],methods=[GET]}" onto public cn.mongode.wxorder.VO.ResultVO<cn.mongode.wxorder.dto.OrderDTO> cn.mongode.wxorder.controller.BuyerOrderController.detail(java.lang.String) throws java.lang.Exception
Mapped "{[/buyer/order/cancel],methods=[POST]}" onto public cn.mongode.wxorder.VO.ResultVO<cn.mongode.wxorder.dto.OrderDTO> cn.mongode.wxorder.controller.BuyerOrderController.cancel(java.lang.String) throws java.lang.Exception
Mapped "{[/buyer/product/list],methods=[GET]}" onto public cn.mongode.wxorder.VO.ResultVO cn.mongode.wxorder.controller.BuyerProductController.list()
Mapped "{[/error]}" onto public org.springframework.http.ResponseEntity<java.util.Map<java.lang.String, java.lang.Object>> org.springframework.boot.autoconfigure.web.servlet.error.BasicErrorController.error(javax.servlet.http.HttpServletRequest)
Mapped "{[/error],produces=[text/html]}" onto public org.springframework.web.servlet.ModelAndView org.springframework.boot.autoconfigure.web.servlet.error.BasicErrorController.errorHtml(javax.servlet.http.HttpServletRequest,javax.servlet.http.HttpServletResponse)
Mapped URL path [/webjars/**] onto handler of type [class org.springframework.web.servlet.resource.ResourceHttpRequestHandler]
Mapped URL path [/**] onto handler of type [class org.springframework.web.servlet.resource.ResourceHttpRequestHandler]
Registering beans for JMX exposure on startup
Bean with name 'dataSource' has been autodetected for JMX exposure
Located MBean 'dataSource': registering with JMX server as MBean [com.zaxxer.hikari:name=dataSource,type=HikariDataSource]
Starting ProtocolHandler ["http-nio-127.0.0.1-9527"]
Using a shared selector for servlet write/read
Tomcat started on port(s): 9527 (http) with context path '/wxorder'
Started WxorderApplication in 3.944 seconds (JVM running for 4.503)
Initializing Spring FrameworkServlet 'dispatcherServlet'
FrameworkServlet 'dispatcherServlet': initialization started
FrameworkServlet 'dispatcherServlet': initialization completed in 12 ms
HHH000397: Using ASTQueryTranslatorFactory
Starting WxorderApplication on Mongo with PID 8552 (D:\JavaProjects\WXOrderDemo\target\classes started by Mongo in D:\JavaProjects\WXOrderDemo)
No active profile set, falling back to default profiles: default
Refreshing org.springframework.boot.web.servlet.context.AnnotationConfigServletWebServerApplicationContext@c730b35: startup date [Thu May 10 10:36:50 CST 2018]; root of context hierarchy
Bean 'org.springframework.transaction.annotation.ProxyTransactionManagementConfiguration' of type [org.springframework.transaction.annotation.ProxyTransactionManagementConfiguration$$EnhancerBySpringCGLIB$$b2006fcd] is not eligible for getting processed by all BeanPostProcessors (for example: not eligible for auto-proxying)
Tomcat initialized with port(s): 9527 (http)
Initializing ProtocolHandler ["http-nio-127.0.0.1-9527"]
Starting service [Tomcat]
Starting Servlet Engine: Apache Tomcat/8.5.29
Loaded APR based Apache Tomcat Native library [1.2.16] using APR version [1.6.3].
APR capabilities: IPv6 [true], sendfile [true], accept filters [false], random [true].
APR/OpenSSL configuration: useAprConnector [false], useOpenSSL [true]
OpenSSL successfully initialized [OpenSSL 1.0.2m  2 Nov 2017]
Initializing Spring embedded WebApplicationContext
Root WebApplicationContext: initialization completed in 2073 ms
Servlet dispatcherServlet mapped to [/]
Mapping filter: 'characterEncodingFilter' to: [/*]
Mapping filter: 'hiddenHttpMethodFilter' to: [/*]
Mapping filter: 'httpPutFormContentFilter' to: [/*]
Mapping filter: 'requestContextFilter' to: [/*]
HikariPool-1 - Starting...
HikariPool-1 - Start completed.
Building JPA container EntityManagerFactory for persistence unit 'default'
HHH000204: Processing PersistenceUnitInfo [
	name: default
	...]
HHH000412: Hibernate Core {5.2.16.Final}
HHH000206: hibernate.properties not found
HCANN000001: Hibernate Commons Annotations {5.0.1.Final}
HHH000400: Using dialect: org.hibernate.dialect.MySQL5Dialect
Initialized JPA EntityManagerFactory for persistence unit 'default'
Mapped URL path [/**/favicon.ico] onto handler of type [class org.springframework.web.servlet.resource.ResourceHttpRequestHandler]
Looking for @ControllerAdvice: org.springframework.boot.web.servlet.context.AnnotationConfigServletWebServerApplicationContext@c730b35: startup date [Thu May 10 10:36:50 CST 2018]; root of context hierarchy
spring.jpa.open-in-view is enabled by default. Therefore, database queries may be performed during view rendering. Explicitly configure spring.jpa.open-in-view to disable this warning
Mapped "{[/buyer/order/create],methods=[POST]}" onto public cn.mongode.wxorder.VO.ResultVO<java.util.Map<java.lang.String, java.lang.String>> cn.mongode.wxorder.controller.BuyerOrderController.create(cn.mongode.wxorder.form.OrderForm,org.springframework.validation.BindingResult)
Mapped "{[/buyer/order/list],methods=[GET]}" onto public cn.mongode.wxorder.VO.ResultVO<java.util.List<cn.mongode.wxorder.dto.OrderDTO>> cn.mongode.wxorder.controller.BuyerOrderController.list(java.lang.String,java.lang.Integer,java.lang.Integer)
Mapped "{[/buyer/order/cancel],methods=[POST]}" onto public cn.mongode.wxorder.VO.ResultVO<cn.mongode.wxorder.dto.OrderDTO> cn.mongode.wxorder.controller.BuyerOrderController.cancel(java.lang.String) throws java.lang.Exception
Mapped "{[/buyer/order/detail],methods=[GET]}" onto public cn.mongode.wxorder.VO.ResultVO<cn.mongode.wxorder.dto.OrderDTO> cn.mongode.wxorder.controller.BuyerOrderController.detail(java.lang.String) throws java.lang.Exception
Mapped "{[/buyer/product/list],methods=[GET]}" onto public cn.mongode.wxorder.VO.ResultVO cn.mongode.wxorder.controller.BuyerProductController.list()
Mapped "{[/error]}" onto public org.springframework.http.ResponseEntity<java.util.Map<java.lang.String, java.lang.Object>> org.springframework.boot.autoconfigure.web.servlet.error.BasicErrorController.error(javax.servlet.http.HttpServletRequest)
Mapped "{[/error],produces=[text/html]}" onto public org.springframework.web.servlet.ModelAndView org.springframework.boot.autoconfigure.web.servlet.error.BasicErrorController.errorHtml(javax.servlet.http.HttpServletRequest,javax.servlet.http.HttpServletResponse)
Mapped URL path [/webjars/**] onto handler of type [class org.springframework.web.servlet.resource.ResourceHttpRequestHandler]
Mapped URL path [/**] onto handler of type [class org.springframework.web.servlet.resource.ResourceHttpRequestHandler]
Registering beans for JMX exposure on startup
Bean with name 'dataSource' has been autodetected for JMX exposure
Located MBean 'dataSource': registering with JMX server as MBean [com.zaxxer.hikari:name=dataSource,type=HikariDataSource]
Starting ProtocolHandler ["http-nio-127.0.0.1-9527"]
Using a shared selector for servlet write/read
Tomcat started on port(s): 9527 (http) with context path '/wxorder'
Started WxorderApplication in 3.965 seconds (JVM running for 4.511)
Initializing Spring FrameworkServlet 'dispatcherServlet'
FrameworkServlet 'dispatcherServlet': initialization started
FrameworkServlet 'dispatcherServlet': initialization completed in 10 ms
HHH000397: Using ASTQueryTranslatorFactory
Starting WxorderApplication on Mongo with PID 10044 (D:\JavaProjects\WXOrderDemo\target\classes started by Mongo in D:\JavaProjects\WXOrderDemo)
No active profile set, falling back to default profiles: default
Refreshing org.springframework.boot.web.servlet.context.AnnotationConfigServletWebServerApplicationContext@22555ebf: startup date [Thu May 10 10:37:29 CST 2018]; root of context hierarchy
Bean 'org.springframework.transaction.annotation.ProxyTransactionManagementConfiguration' of type [org.springframework.transaction.annotation.ProxyTransactionManagementConfiguration$$EnhancerBySpringCGLIB$$b4c06399] is not eligible for getting processed by all BeanPostProcessors (for example: not eligible for auto-proxying)
Tomcat initialized with port(s): 9527 (http)
Initializing ProtocolHandler ["http-nio-127.0.0.1-9527"]
Starting service [Tomcat]
Starting Servlet Engine: Apache Tomcat/8.5.29
Loaded APR based Apache Tomcat Native library [1.2.16] using APR version [1.6.3].
APR capabilities: IPv6 [true], sendfile [true], accept filters [false], random [true].
APR/OpenSSL configuration: useAprConnector [false], useOpenSSL [true]
OpenSSL successfully initialized [OpenSSL 1.0.2m  2 Nov 2017]
Initializing Spring embedded WebApplicationContext
Root WebApplicationContext: initialization completed in 2048 ms
Servlet dispatcherServlet mapped to [/]
Mapping filter: 'characterEncodingFilter' to: [/*]
Mapping filter: 'hiddenHttpMethodFilter' to: [/*]
Mapping filter: 'httpPutFormContentFilter' to: [/*]
Mapping filter: 'requestContextFilter' to: [/*]
HikariPool-1 - Starting...
HikariPool-1 - Start completed.
Building JPA container EntityManagerFactory for persistence unit 'default'
HHH000204: Processing PersistenceUnitInfo [
	name: default
	...]
HHH000412: Hibernate Core {5.2.16.Final}
HHH000206: hibernate.properties not found
HCANN000001: Hibernate Commons Annotations {5.0.1.Final}
HHH000400: Using dialect: org.hibernate.dialect.MySQL5Dialect
Initialized JPA EntityManagerFactory for persistence unit 'default'
Mapped URL path [/**/favicon.ico] onto handler of type [class org.springframework.web.servlet.resource.ResourceHttpRequestHandler]
Looking for @ControllerAdvice: org.springframework.boot.web.servlet.context.AnnotationConfigServletWebServerApplicationContext@22555ebf: startup date [Thu May 10 10:37:29 CST 2018]; root of context hierarchy
spring.jpa.open-in-view is enabled by default. Therefore, database queries may be performed during view rendering. Explicitly configure spring.jpa.open-in-view to disable this warning
Mapped "{[/buyer/order/create],methods=[POST]}" onto public cn.mongode.wxorder.VO.ResultVO<java.util.Map<java.lang.String, java.lang.String>> cn.mongode.wxorder.controller.BuyerOrderController.create(cn.mongode.wxorder.form.OrderForm,org.springframework.validation.BindingResult)
Mapped "{[/buyer/order/list],methods=[GET]}" onto public cn.mongode.wxorder.VO.ResultVO<java.util.List<cn.mongode.wxorder.dto.OrderDTO>> cn.mongode.wxorder.controller.BuyerOrderController.list(java.lang.String,java.lang.Integer,java.lang.Integer)
Mapped "{[/buyer/order/cancel],methods=[POST]}" onto public cn.mongode.wxorder.VO.ResultVO<cn.mongode.wxorder.dto.OrderDTO> cn.mongode.wxorder.controller.BuyerOrderController.cancel(java.lang.String) throws java.lang.Exception
Mapped "{[/buyer/order/detail],methods=[GET]}" onto public cn.mongode.wxorder.VO.ResultVO<cn.mongode.wxorder.dto.OrderDTO> cn.mongode.wxorder.controller.BuyerOrderController.detail(java.lang.String) throws java.lang.Exception
Mapped "{[/buyer/product/list],methods=[GET]}" onto public cn.mongode.wxorder.VO.ResultVO cn.mongode.wxorder.controller.BuyerProductController.list()
Mapped "{[/error]}" onto public org.springframework.http.ResponseEntity<java.util.Map<java.lang.String, java.lang.Object>> org.springframework.boot.autoconfigure.web.servlet.error.BasicErrorController.error(javax.servlet.http.HttpServletRequest)
Mapped "{[/error],produces=[text/html]}" onto public org.springframework.web.servlet.ModelAndView org.springframework.boot.autoconfigure.web.servlet.error.BasicErrorController.errorHtml(javax.servlet.http.HttpServletRequest,javax.servlet.http.HttpServletResponse)
Mapped URL path [/webjars/**] onto handler of type [class org.springframework.web.servlet.resource.ResourceHttpRequestHandler]
Mapped URL path [/**] onto handler of type [class org.springframework.web.servlet.resource.ResourceHttpRequestHandler]
Registering beans for JMX exposure on startup
Bean with name 'dataSource' has been autodetected for JMX exposure
Located MBean 'dataSource': registering with JMX server as MBean [com.zaxxer.hikari:name=dataSource,type=HikariDataSource]
Starting ProtocolHandler ["http-nio-127.0.0.1-9527"]
Using a shared selector for servlet write/read
Tomcat started on port(s): 9527 (http) with context path '/wxorder'
Started WxorderApplication in 3.954 seconds (JVM running for 4.533)
Initializing Spring FrameworkServlet 'dispatcherServlet'
FrameworkServlet 'dispatcherServlet': initialization started
FrameworkServlet 'dispatcherServlet': initialization completed in 12 ms
HHH000397: Using ASTQueryTranslatorFactory
Starting WxorderApplication on Mongo with PID 12488 (D:\JavaProjects\WXOrderDemo\target\classes started by Mongo in D:\JavaProjects\WXOrderDemo)
No active profile set, falling back to default profiles: default
Refreshing org.springframework.boot.web.servlet.context.AnnotationConfigServletWebServerApplicationContext@36ebc363: startup date [Thu May 10 10:39:53 CST 2018]; root of context hierarchy
Bean 'org.springframework.transaction.annotation.ProxyTransactionManagementConfiguration' of type [org.springframework.transaction.annotation.ProxyTransactionManagementConfiguration$$EnhancerBySpringCGLIB$$f94ef136] is not eligible for getting processed by all BeanPostProcessors (for example: not eligible for auto-proxying)
Tomcat initialized with port(s): 9527 (http)
Initializing ProtocolHandler ["http-nio-127.0.0.1-9527"]
Starting service [Tomcat]
Starting Servlet Engine: Apache Tomcat/8.5.29
Loaded APR based Apache Tomcat Native library [1.2.16] using APR version [1.6.3].
APR capabilities: IPv6 [true], sendfile [true], accept filters [false], random [true].
APR/OpenSSL configuration: useAprConnector [false], useOpenSSL [true]
OpenSSL successfully initialized [OpenSSL 1.0.2m  2 Nov 2017]
Initializing Spring embedded WebApplicationContext
Root WebApplicationContext: initialization completed in 2037 ms
Servlet dispatcherServlet mapped to [/]
Mapping filter: 'characterEncodingFilter' to: [/*]
Mapping filter: 'hiddenHttpMethodFilter' to: [/*]
Mapping filter: 'httpPutFormContentFilter' to: [/*]
Mapping filter: 'requestContextFilter' to: [/*]
HikariPool-1 - Starting...
HikariPool-1 - Start completed.
Building JPA container EntityManagerFactory for persistence unit 'default'
HHH000204: Processing PersistenceUnitInfo [
	name: default
	...]
HHH000412: Hibernate Core {5.2.16.Final}
HHH000206: hibernate.properties not found
HCANN000001: Hibernate Commons Annotations {5.0.1.Final}
HHH000400: Using dialect: org.hibernate.dialect.MySQL5Dialect
Initialized JPA EntityManagerFactory for persistence unit 'default'
Mapped URL path [/**/favicon.ico] onto handler of type [class org.springframework.web.servlet.resource.ResourceHttpRequestHandler]
Looking for @ControllerAdvice: org.springframework.boot.web.servlet.context.AnnotationConfigServletWebServerApplicationContext@36ebc363: startup date [Thu May 10 10:39:53 CST 2018]; root of context hierarchy
spring.jpa.open-in-view is enabled by default. Therefore, database queries may be performed during view rendering. Explicitly configure spring.jpa.open-in-view to disable this warning
Mapped "{[/buyer/order/create],methods=[POST]}" onto public cn.mongode.wxorder.VO.ResultVO<java.util.Map<java.lang.String, java.lang.String>> cn.mongode.wxorder.controller.BuyerOrderController.create(cn.mongode.wxorder.form.OrderForm,org.springframework.validation.BindingResult)
Mapped "{[/buyer/order/list],methods=[GET]}" onto public cn.mongode.wxorder.VO.ResultVO<java.util.List<cn.mongode.wxorder.dto.OrderDTO>> cn.mongode.wxorder.controller.BuyerOrderController.list(java.lang.String,java.lang.Integer,java.lang.Integer)
Mapped "{[/buyer/order/detail],methods=[GET]}" onto public cn.mongode.wxorder.VO.ResultVO<cn.mongode.wxorder.dto.OrderDTO> cn.mongode.wxorder.controller.BuyerOrderController.detail(java.lang.String) throws java.lang.Exception
Mapped "{[/buyer/order/cancel],methods=[POST]}" onto public cn.mongode.wxorder.VO.ResultVO<cn.mongode.wxorder.dto.OrderDTO> cn.mongode.wxorder.controller.BuyerOrderController.cancel(java.lang.String) throws java.lang.Exception
Mapped "{[/buyer/product/list],methods=[GET]}" onto public cn.mongode.wxorder.VO.ResultVO cn.mongode.wxorder.controller.BuyerProductController.list()
Mapped "{[/error]}" onto public org.springframework.http.ResponseEntity<java.util.Map<java.lang.String, java.lang.Object>> org.springframework.boot.autoconfigure.web.servlet.error.BasicErrorController.error(javax.servlet.http.HttpServletRequest)
Mapped "{[/error],produces=[text/html]}" onto public org.springframework.web.servlet.ModelAndView org.springframework.boot.autoconfigure.web.servlet.error.BasicErrorController.errorHtml(javax.servlet.http.HttpServletRequest,javax.servlet.http.HttpServletResponse)
Mapped URL path [/webjars/**] onto handler of type [class org.springframework.web.servlet.resource.ResourceHttpRequestHandler]
Mapped URL path [/**] onto handler of type [class org.springframework.web.servlet.resource.ResourceHttpRequestHandler]
Registering beans for JMX exposure on startup
Bean with name 'dataSource' has been autodetected for JMX exposure
Located MBean 'dataSource': registering with JMX server as MBean [com.zaxxer.hikari:name=dataSource,type=HikariDataSource]
Starting ProtocolHandler ["http-nio-127.0.0.1-9527"]
Using a shared selector for servlet write/read
Tomcat started on port(s): 9527 (http) with context path '/wxorder'
Started WxorderApplication in 3.941 seconds (JVM running for 4.499)
Initializing Spring FrameworkServlet 'dispatcherServlet'
FrameworkServlet 'dispatcherServlet': initialization started
FrameworkServlet 'dispatcherServlet': initialization completed in 11 ms
HHH000397: Using ASTQueryTranslatorFactory
Starting WxorderApplication on Mongo with PID 8900 (D:\JavaProjects\WXOrderDemo\target\classes started by Mongo in D:\JavaProjects\WXOrderDemo)
No active profile set, falling back to default profiles: default
Refreshing org.springframework.boot.web.servlet.context.AnnotationConfigServletWebServerApplicationContext@22555ebf: startup date [Thu May 10 10:55:08 CST 2018]; root of context hierarchy
Bean 'org.springframework.transaction.annotation.ProxyTransactionManagementConfiguration' of type [org.springframework.transaction.annotation.ProxyTransactionManagementConfiguration$$EnhancerBySpringCGLIB$$82ffe3a4] is not eligible for getting processed by all BeanPostProcessors (for example: not eligible for auto-proxying)
Tomcat initialized with port(s): 9527 (http)
Initializing ProtocolHandler ["http-nio-127.0.0.1-9527"]
Starting service [Tomcat]
Starting Servlet Engine: Apache Tomcat/8.5.29
Loaded APR based Apache Tomcat Native library [1.2.16] using APR version [1.6.3].
APR capabilities: IPv6 [true], sendfile [true], accept filters [false], random [true].
APR/OpenSSL configuration: useAprConnector [false], useOpenSSL [true]
OpenSSL successfully initialized [OpenSSL 1.0.2m  2 Nov 2017]
Initializing Spring embedded WebApplicationContext
Root WebApplicationContext: initialization completed in 2038 ms
Servlet dispatcherServlet mapped to [/]
Mapping filter: 'characterEncodingFilter' to: [/*]
Mapping filter: 'hiddenHttpMethodFilter' to: [/*]
Mapping filter: 'httpPutFormContentFilter' to: [/*]
Mapping filter: 'requestContextFilter' to: [/*]
HikariPool-1 - Starting...
HikariPool-1 - Start completed.
Building JPA container EntityManagerFactory for persistence unit 'default'
HHH000204: Processing PersistenceUnitInfo [
	name: default
	...]
HHH000412: Hibernate Core {5.2.16.Final}
HHH000206: hibernate.properties not found
HCANN000001: Hibernate Commons Annotations {5.0.1.Final}
HHH000400: Using dialect: org.hibernate.dialect.MySQL5Dialect
Initialized JPA EntityManagerFactory for persistence unit 'default'
Mapped URL path [/**/favicon.ico] onto handler of type [class org.springframework.web.servlet.resource.ResourceHttpRequestHandler]
Looking for @ControllerAdvice: org.springframework.boot.web.servlet.context.AnnotationConfigServletWebServerApplicationContext@22555ebf: startup date [Thu May 10 10:55:08 CST 2018]; root of context hierarchy
spring.jpa.open-in-view is enabled by default. Therefore, database queries may be performed during view rendering. Explicitly configure spring.jpa.open-in-view to disable this warning
Mapped "{[/buyer/order/create],methods=[POST]}" onto public cn.mongode.wxorder.VO.ResultVO<java.util.Map<java.lang.String, java.lang.String>> cn.mongode.wxorder.controller.BuyerOrderController.create(cn.mongode.wxorder.form.OrderForm,org.springframework.validation.BindingResult)
Mapped "{[/buyer/order/list],methods=[GET]}" onto public cn.mongode.wxorder.VO.ResultVO<java.util.List<cn.mongode.wxorder.dto.OrderDTO>> cn.mongode.wxorder.controller.BuyerOrderController.list(java.lang.String,java.lang.Integer,java.lang.Integer)
Mapped "{[/buyer/order/detail],methods=[GET]}" onto public cn.mongode.wxorder.VO.ResultVO<cn.mongode.wxorder.dto.OrderDTO> cn.mongode.wxorder.controller.BuyerOrderController.detail(java.lang.String) throws java.lang.Exception
Mapped "{[/buyer/order/cancel],methods=[POST]}" onto public cn.mongode.wxorder.VO.ResultVO<cn.mongode.wxorder.dto.OrderDTO> cn.mongode.wxorder.controller.BuyerOrderController.cancel(java.lang.String) throws java.lang.Exception
Mapped "{[/buyer/product/list],methods=[GET]}" onto public cn.mongode.wxorder.VO.ResultVO cn.mongode.wxorder.controller.BuyerProductController.list()
Mapped "{[/error]}" onto public org.springframework.http.ResponseEntity<java.util.Map<java.lang.String, java.lang.Object>> org.springframework.boot.autoconfigure.web.servlet.error.BasicErrorController.error(javax.servlet.http.HttpServletRequest)
Mapped "{[/error],produces=[text/html]}" onto public org.springframework.web.servlet.ModelAndView org.springframework.boot.autoconfigure.web.servlet.error.BasicErrorController.errorHtml(javax.servlet.http.HttpServletRequest,javax.servlet.http.HttpServletResponse)
Mapped URL path [/webjars/**] onto handler of type [class org.springframework.web.servlet.resource.ResourceHttpRequestHandler]
Mapped URL path [/**] onto handler of type [class org.springframework.web.servlet.resource.ResourceHttpRequestHandler]
Registering beans for JMX exposure on startup
Bean with name 'dataSource' has been autodetected for JMX exposure
Located MBean 'dataSource': registering with JMX server as MBean [com.zaxxer.hikari:name=dataSource,type=HikariDataSource]
Starting ProtocolHandler ["http-nio-127.0.0.1-9527"]
Using a shared selector for servlet write/read
Tomcat started on port(s): 9527 (http) with context path '/wxorder'
Started WxorderApplication in 3.985 seconds (JVM running for 4.562)
Initializing Spring FrameworkServlet 'dispatcherServlet'
FrameworkServlet 'dispatcherServlet': initialization started
FrameworkServlet 'dispatcherServlet': initialization completed in 11 ms
