Starting OrderServiceImplTest on Mongo with PID 4880 (started by Mongo in D:\JavaProjects\WXOrderDemo)
No active profile set, falling back to default profiles: default
Refreshing org.springframework.web.context.support.GenericWebApplicationContext@42e25b0b: startup date [Mon May 07 10:49:28 CST 2018]; root of context hierarchy
Bean 'org.springframework.transaction.annotation.ProxyTransactionManagementConfiguration' of type [org.springframework.transaction.annotation.ProxyTransactionManagementConfiguration$$EnhancerBySpringCGLIB$$95ee0218] is not eligible for getting processed by all BeanPostProcessors (for example: not eligible for auto-proxying)
HikariPool-1 - Starting...
HikariPool-1 - Start completed.
Building JPA container EntityManagerFactory for persistence unit 'default'
HHH000204: Processing PersistenceUnitInfo [
	name: default
	...]
HHH000412: Hibernate Core {5.2.16.Final}
HHH000206: hibernate.properties not found
HCANN000001: Hibernate Commons Annotations {5.0.1.Final}
HHH000400: Using dialect: org.hibernate.dialect.MySQL5Dialect
Initialized JPA EntityManagerFactory for persistence unit 'default'
Mapped URL path [/**/favicon.ico] onto handler of type [class org.springframework.web.servlet.resource.ResourceHttpRequestHandler]
Looking for @ControllerAdvice: org.springframework.web.context.support.GenericWebApplicationContext@42e25b0b: startup date [Mon May 07 10:49:28 CST 2018]; root of context hierarchy
spring.jpa.open-in-view is enabled by default. Therefore, database queries may be performed during view rendering. Explicitly configure spring.jpa.open-in-view to disable this warning
Mapped "{[/buyer/product/list],methods=[GET]}" onto public cn.mongode.wxorder.VO.ResultVO cn.mongode.wxorder.controller.BuyerProductController.list()
Mapped "{[/error]}" onto public org.springframework.http.ResponseEntity<java.util.Map<java.lang.String, java.lang.Object>> org.springframework.boot.autoconfigure.web.servlet.error.BasicErrorController.error(javax.servlet.http.HttpServletRequest)
Mapped "{[/error],produces=[text/html]}" onto public org.springframework.web.servlet.ModelAndView org.springframework.boot.autoconfigure.web.servlet.error.BasicErrorController.errorHtml(javax.servlet.http.HttpServletRequest,javax.servlet.http.HttpServletResponse)
Mapped URL path [/webjars/**] onto handler of type [class org.springframework.web.servlet.resource.ResourceHttpRequestHandler]
Mapped URL path [/**] onto handler of type [class org.springframework.web.servlet.resource.ResourceHttpRequestHandler]
Started OrderServiceImplTest in 4.179 seconds (JVM running for 5.326)
Create Order => result = OrderDTO(orderId=1525661371949252901, buyerName=QHT9527, buyerPhone=12395279527, buyerAddress=CN.JS.WX.XQ.CJ-GJ-YQ, buyerOpenid=wxoid952700, orderAmount=472.00, orderStatus=0, payStatus=0, createTime=null, updateTime=null, orderDetailList=[OrderDetail(detailId=1525661372012941008, orderId=1525661371949252901, productId=323a456b789f, productName=PN07, productPrice=236.00, productQuantity=1, productIcon=https://cdn.pixabay.com/photo/2018/01/21/01/46/architecture-3095716_960_720.jpg, createTime=null, updateTime=null), OrderDetail(detailId=1525661372012941008, orderId=1525661371949252901, productId=323a456b789f, productName=PN07, productPrice=236.00, productQuantity=1, productIcon=https://cdn.pixabay.com/photo/2018/01/21/01/46/architecture-3095716_960_720.jpg, createTime=null, updateTime=null)]).
Closing org.springframework.web.context.support.GenericWebApplicationContext@42e25b0b: startup date [Mon May 07 10:49:28 CST 2018]; root of context hierarchy
Closing JPA EntityManagerFactory for persistence unit 'default'
HikariPool-1 - Shutdown initiated...
HikariPool-1 - Shutdown completed.
Starting OrderServiceImplTest on Mongo with PID 3136 (started by Mongo in D:\JavaProjects\WXOrderDemo)
No active profile set, falling back to default profiles: default
Refreshing org.springframework.web.context.support.GenericWebApplicationContext@6950ed69: startup date [Mon May 07 11:10:10 CST 2018]; root of context hierarchy
Bean 'org.springframework.transaction.annotation.ProxyTransactionManagementConfiguration' of type [org.springframework.transaction.annotation.ProxyTransactionManagementConfiguration$$EnhancerBySpringCGLIB$$6994fa37] is not eligible for getting processed by all BeanPostProcessors (for example: not eligible for auto-proxying)
HikariPool-1 - Starting...
HikariPool-1 - Start completed.
Building JPA container EntityManagerFactory for persistence unit 'default'
HHH000204: Processing PersistenceUnitInfo [
	name: default
	...]
HHH000412: Hibernate Core {5.2.16.Final}
HHH000206: hibernate.properties not found
HCANN000001: Hibernate Commons Annotations {5.0.1.Final}
HHH000400: Using dialect: org.hibernate.dialect.MySQL5Dialect
Initialized JPA EntityManagerFactory for persistence unit 'default'
Mapped URL path [/**/favicon.ico] onto handler of type [class org.springframework.web.servlet.resource.ResourceHttpRequestHandler]
Looking for @ControllerAdvice: org.springframework.web.context.support.GenericWebApplicationContext@6950ed69: startup date [Mon May 07 11:10:10 CST 2018]; root of context hierarchy
spring.jpa.open-in-view is enabled by default. Therefore, database queries may be performed during view rendering. Explicitly configure spring.jpa.open-in-view to disable this warning
Mapped "{[/buyer/product/list],methods=[GET]}" onto public cn.mongode.wxorder.VO.ResultVO cn.mongode.wxorder.controller.BuyerProductController.list()
Mapped "{[/error]}" onto public org.springframework.http.ResponseEntity<java.util.Map<java.lang.String, java.lang.Object>> org.springframework.boot.autoconfigure.web.servlet.error.BasicErrorController.error(javax.servlet.http.HttpServletRequest)
Mapped "{[/error],produces=[text/html]}" onto public org.springframework.web.servlet.ModelAndView org.springframework.boot.autoconfigure.web.servlet.error.BasicErrorController.errorHtml(javax.servlet.http.HttpServletRequest,javax.servlet.http.HttpServletResponse)
Mapped URL path [/webjars/**] onto handler of type [class org.springframework.web.servlet.resource.ResourceHttpRequestHandler]
Mapped URL path [/**] onto handler of type [class org.springframework.web.servlet.resource.ResourceHttpRequestHandler]
Started OrderServiceImplTest in 3.826 seconds (JVM running for 4.719)
HHH000397: Using ASTQueryTranslatorFactory
Closing org.springframework.web.context.support.GenericWebApplicationContext@6950ed69: startup date [Mon May 07 11:10:10 CST 2018]; root of context hierarchy
Closing JPA EntityManagerFactory for persistence unit 'default'
HikariPool-1 - Shutdown initiated...
HikariPool-1 - Shutdown completed.
Starting OrderServiceImplTest on Mongo with PID 13800 (started by Mongo in D:\JavaProjects\WXOrderDemo)
No active profile set, falling back to default profiles: default
Refreshing org.springframework.web.context.support.GenericWebApplicationContext@205d38da: startup date [Mon May 07 11:11:26 CST 2018]; root of context hierarchy
Bean 'org.springframework.transaction.annotation.ProxyTransactionManagementConfiguration' of type [org.springframework.transaction.annotation.ProxyTransactionManagementConfiguration$$EnhancerBySpringCGLIB$$95ee0218] is not eligible for getting processed by all BeanPostProcessors (for example: not eligible for auto-proxying)
HikariPool-1 - Starting...
HikariPool-1 - Start completed.
Building JPA container EntityManagerFactory for persistence unit 'default'
HHH000204: Processing PersistenceUnitInfo [
	name: default
	...]
HHH000412: Hibernate Core {5.2.16.Final}
HHH000206: hibernate.properties not found
HCANN000001: Hibernate Commons Annotations {5.0.1.Final}
HHH000400: Using dialect: org.hibernate.dialect.MySQL5Dialect
Initialized JPA EntityManagerFactory for persistence unit 'default'
Mapped URL path [/**/favicon.ico] onto handler of type [class org.springframework.web.servlet.resource.ResourceHttpRequestHandler]
Looking for @ControllerAdvice: org.springframework.web.context.support.GenericWebApplicationContext@205d38da: startup date [Mon May 07 11:11:26 CST 2018]; root of context hierarchy
spring.jpa.open-in-view is enabled by default. Therefore, database queries may be performed during view rendering. Explicitly configure spring.jpa.open-in-view to disable this warning
Mapped "{[/buyer/product/list],methods=[GET]}" onto public cn.mongode.wxorder.VO.ResultVO cn.mongode.wxorder.controller.BuyerProductController.list()
Mapped "{[/error]}" onto public org.springframework.http.ResponseEntity<java.util.Map<java.lang.String, java.lang.Object>> org.springframework.boot.autoconfigure.web.servlet.error.BasicErrorController.error(javax.servlet.http.HttpServletRequest)
Mapped "{[/error],produces=[text/html]}" onto public org.springframework.web.servlet.ModelAndView org.springframework.boot.autoconfigure.web.servlet.error.BasicErrorController.errorHtml(javax.servlet.http.HttpServletRequest,javax.servlet.http.HttpServletResponse)
Mapped URL path [/webjars/**] onto handler of type [class org.springframework.web.servlet.resource.ResourceHttpRequestHandler]
Mapped URL path [/**] onto handler of type [class org.springframework.web.servlet.resource.ResourceHttpRequestHandler]
Started OrderServiceImplTest in 3.91 seconds (JVM running for 4.734)
HHH000397: Using ASTQueryTranslatorFactory
Closing org.springframework.web.context.support.GenericWebApplicationContext@205d38da: startup date [Mon May 07 11:11:26 CST 2018]; root of context hierarchy
Closing JPA EntityManagerFactory for persistence unit 'default'
HikariPool-1 - Shutdown initiated...
HikariPool-1 - Shutdown completed.
Starting OrderServiceImplTest on Mongo with PID 5564 (started by Mongo in D:\JavaProjects\WXOrderDemo)
No active profile set, falling back to default profiles: default
Refreshing org.springframework.web.context.support.GenericWebApplicationContext@2663e964: startup date [Mon May 07 11:19:37 CST 2018]; root of context hierarchy
Bean 'org.springframework.transaction.annotation.ProxyTransactionManagementConfiguration' of type [org.springframework.transaction.annotation.ProxyTransactionManagementConfiguration$$EnhancerBySpringCGLIB$$fb1382d9] is not eligible for getting processed by all BeanPostProcessors (for example: not eligible for auto-proxying)
HikariPool-1 - Starting...
HikariPool-1 - Start completed.
Building JPA container EntityManagerFactory for persistence unit 'default'
HHH000204: Processing PersistenceUnitInfo [
	name: default
	...]
HHH000412: Hibernate Core {5.2.16.Final}
HHH000206: hibernate.properties not found
HCANN000001: Hibernate Commons Annotations {5.0.1.Final}
HHH000400: Using dialect: org.hibernate.dialect.MySQL5Dialect
Initialized JPA EntityManagerFactory for persistence unit 'default'
Mapped URL path [/**/favicon.ico] onto handler of type [class org.springframework.web.servlet.resource.ResourceHttpRequestHandler]
Looking for @ControllerAdvice: org.springframework.web.context.support.GenericWebApplicationContext@2663e964: startup date [Mon May 07 11:19:37 CST 2018]; root of context hierarchy
spring.jpa.open-in-view is enabled by default. Therefore, database queries may be performed during view rendering. Explicitly configure spring.jpa.open-in-view to disable this warning
Mapped "{[/buyer/product/list],methods=[GET]}" onto public cn.mongode.wxorder.VO.ResultVO cn.mongode.wxorder.controller.BuyerProductController.list()
Mapped "{[/error]}" onto public org.springframework.http.ResponseEntity<java.util.Map<java.lang.String, java.lang.Object>> org.springframework.boot.autoconfigure.web.servlet.error.BasicErrorController.error(javax.servlet.http.HttpServletRequest)
Mapped "{[/error],produces=[text/html]}" onto public org.springframework.web.servlet.ModelAndView org.springframework.boot.autoconfigure.web.servlet.error.BasicErrorController.errorHtml(javax.servlet.http.HttpServletRequest,javax.servlet.http.HttpServletResponse)
Mapped URL path [/webjars/**] onto handler of type [class org.springframework.web.servlet.resource.ResourceHttpRequestHandler]
Mapped URL path [/**] onto handler of type [class org.springframework.web.servlet.resource.ResourceHttpRequestHandler]
Started OrderServiceImplTest in 3.769 seconds (JVM running for 4.602)
HHH000397: Using ASTQueryTranslatorFactory
【查询单个订单】 result = OrderDTO(orderId=1525424468790689444, buyerName=QHT9527, buyerPhone=12395279527, buyerAddress=CN.JS.WX.XQ.CJ-GJ-YQ, buyerOpenid=wxoid952700, orderAmount=1747.00, orderStatus=0, payStatus=0, createTime=2018-05-04 17:01:08.0, updateTime=2018-05-04 17:01:08.0, orderDetailList=[OrderDetail(detailId=1525424468836912140, orderId=1525424468790689444, productId=223a456b789g, productName=PN09, productPrice=189.00, productQuantity=3, productIcon=https://cdn.pixabay.com/photo/2018/01/21/01/46/architecture-3095716_960_720.jpg, createTime=2018-05-04 17:01:08.0, updateTime=2018-05-04 17:01:08.0), OrderDetail(detailId=1525424468851945785, orderId=1525424468790689444, productId=323a456b789f, productName=PN07, productPrice=236.00, productQuantity=5, productIcon=https://cdn.pixabay.com/photo/2018/01/21/01/46/architecture-3095716_960_720.jpg, createTime=2018-05-04 17:01:08.0, updateTime=2018-05-04 17:01:08.0)])
Closing org.springframework.web.context.support.GenericWebApplicationContext@2663e964: startup date [Mon May 07 11:19:37 CST 2018]; root of context hierarchy
Closing JPA EntityManagerFactory for persistence unit 'default'
HikariPool-1 - Shutdown initiated...
HikariPool-1 - Shutdown completed.
